F:\skyrim-dev\repos\EngineFixesSkyrim64\src\main.cpp(96): [info] Engine Fixes v6.0.2
F:\skyrim-dev\repos\EngineFixesSkyrim64\src\main.cpp(99): [info] loaded config successfully
F:\skyrim-dev\repos\EngineFixesSkyrim64\external\CommonLibSSE\src\SKSE\Trampoline.cpp(114): [info] Default Trampoline => 0B / 2048B (00.00%)
F:\skyrim-dev\repos\EngineFixesSkyrim64\external\CommonLibSSE\src\SKSE\Trampoline.cpp(114): [info] Default Trampoline => 14B / 2048B (00.68%)
F:\skyrim-dev\repos\EngineFixesSkyrim64\external\CommonLibSSE\src\SKSE\Trampoline.cpp(114): [info] Default Trampoline => 28B / 2048B (01.37%)
F:\skyrim-dev\repos\EngineFixesSkyrim64\src\main.cpp(127): [info] beginning pre-load patches
F:\skyrim-dev\repos\EngineFixesSkyrim64\external\CommonLibSSE\src\SKSE\Trampoline.cpp(114): [info] Default Trampoline => 36B / 2048B (01.76%)
F:\skyrim-dev\repos\EngineFixesSkyrim64\external\CommonLibSSE\src\SKSE\Trampoline.cpp(114): [info] Default Trampoline => 58B / 2048B (02.83%)
F:\skyrim-dev\repos\EngineFixesSkyrim64\external\CommonLibSSE\src\SKSE\Trampoline.cpp(114): [info] Default Trampoline => 66B / 2048B (03.22%)
F:\skyrim-dev\repos\EngineFixesSkyrim64\external\CommonLibSSE\src\SKSE\Trampoline.cpp(114): [info] Default Trampoline => 90B / 2048B (04.39%)
F:\skyrim-dev\repos\EngineFixesSkyrim64\external\CommonLibSSE\src\SKSE\Trampoline.cpp(114): [info] Default Trampoline => 98B / 2048B (04.79%)
F:\skyrim-dev\repos\EngineFixesSkyrim64\external\CommonLibSSE\src\SKSE\Trampoline.cpp(114): [info] Default Trampoline => 122B / 2048B (05.96%)
F:\skyrim-dev\repos\EngineFixesSkyrim64\external\CommonLibSSE\src\SKSE\Trampoline.cpp(114): [info] Default Trampoline => 130B / 2048B (06.35%)
F:\skyrim-dev\repos\EngineFixesSkyrim64\external\CommonLibSSE\src\SKSE\Trampoline.cpp(114): [info] Default Trampoline => 138B / 2048B (06.74%)
F:\skyrim-dev\repos\EngineFixesSkyrim64\external\CommonLibSSE\src\SKSE\Trampoline.cpp(114): [info] Default Trampoline => 191B / 2048B (09.33%)
F:\skyrim-dev\repos\EngineFixesSkyrim64\external\CommonLibSSE\src\SKSE\Trampoline.cpp(114): [info] Default Trampoline => 199B / 2048B (09.72%)
F:\skyrim-dev\repos\EngineFixesSkyrim64\external\CommonLibSSE\src\SKSE\Trampoline.cpp(114): [info] Default Trampoline => 240B / 2048B (11.72%)
F:\skyrim-dev\repos\EngineFixesSkyrim64\external\CommonLibSSE\src\SKSE\Trampoline.cpp(114): [info] Default Trampoline => 248B / 2048B (12.11%)
F:\skyrim-dev\repos\EngineFixesSkyrim64\external\CommonLibSSE\src\SKSE\Trampoline.cpp(114): [info] Default Trampoline => 262B / 2048B (12.79%)
F:\skyrim-dev\repos\EngineFixesSkyrim64\external\CommonLibSSE\src\SKSE\Trampoline.cpp(114): [info] Default Trampoline => 337B / 2048B (16.46%)
F:\skyrim-dev\repos\EngineFixesSkyrim64\external\CommonLibSSE\src\SKSE\Trampoline.cpp(114): [info] Default Trampoline => 351B / 2048B (17.14%)
F:\skyrim-dev\repos\EngineFixesSkyrim64\external\CommonLibSSE\src\SKSE\Trampoline.cpp(114): [info] Default Trampoline => 371B / 2048B (18.12%)
F:\skyrim-dev\repos\EngineFixesSkyrim64\external\CommonLibSSE\src\SKSE\Trampoline.cpp(114): [info] Default Trampoline => 379B / 2048B (18.51%)
F:\skyrim-dev\repos\EngineFixesSkyrim64\external\CommonLibSSE\src\SKSE\Trampoline.cpp(114): [info] Default Trampoline => 416B / 2048B (20.31%)
F:\skyrim-dev\repos\EngineFixesSkyrim64\external\CommonLibSSE\src\SKSE\Trampoline.cpp(114): [info] Default Trampoline => 424B / 2048B (20.70%)
F:\skyrim-dev\repos\EngineFixesSkyrim64\external\CommonLibSSE\src\SKSE\Trampoline.cpp(114): [info] Default Trampoline => 438B / 2048B (21.39%)
F:\skyrim-dev\repos\EngineFixesSkyrim64\external\CommonLibSSE\src\SKSE\Trampoline.cpp(114): [info] Default Trampoline => 452B / 2048B (22.07%)
F:\skyrim-dev\repos\EngineFixesSkyrim64\external\CommonLibSSE\src\SKSE\Trampoline.cpp(114): [info] Default Trampoline => 466B / 2048B (22.75%)
F:\skyrim-dev\repos\EngineFixesSkyrim64\external\CommonLibSSE\src\SKSE\Trampoline.cpp(114): [info] Default Trampoline => 501B / 2048B (24.46%)
F:\skyrim-dev\repos\EngineFixesSkyrim64\external\CommonLibSSE\src\SKSE\Trampoline.cpp(11