Loading Version: 40
Init...
couldn't allocate trampoline, no free space before image
couldn't create codegen buffer. this is fatal. skipping remainder of init process.
Registering functions...
-done
Storage Reverting...
	 - Mod List
	 - StorageUtil: Values
	 - StorageUtil: Lists
	 - Package Overrides
	 - JSON Files
	 - Re-Init
Done!

Storage Loading...
	PLGN Load
Loading plugin list:
	(0 -> 0)	Skyrim.esm
	(1 -> 1)	Update.esm
	(2 -> 2)	Dawnguard.esm
	(3 -> 3)	HearthFires.esm
	(4 -> 4)	Dragonborn.esm
	(5 -> 5)	ccasvsse001-almsivi.esm
	(6 -> 6)	ccBGSSSE001-Fish.esm
	(1040384 -> 1040384)	ccbgssse002-exoticarrows.esl
	(1040385 -> 1040385)	ccbgssse003-zombies.esl
	(1040386 -> 1040386)	ccbgssse004-ruinsedge.esl
	(1040387 -> 1040387)	ccbgssse005-goldbrand.esl
	(1040388 -> 1040388)	ccbgssse006-stendarshammer.esl
	(1040389 -> 1040389)	ccbgssse007-chrysamere.esl
	(1040390 -> 1040390)	ccbgssse010-petdwarvenarmoredmudcrab.esl
	(1040391 -> 1040391)	ccbgssse011-hrsarmrelvn.esl
	(1040392 -> 1040392)	ccbgssse012-hrsarmrstl.esl
	(1040393 -> 1040393)	ccbgssse014-spellpack01.esl
	(1040394 -> 1040394)	ccbgssse019-staffofsheogorath.esl
	(1040395 -> 1040395)	ccbgssse020-graycowl.esl
	(1040396 -> 1040396)	ccbgssse021-lordsmail.esl
	(1040397 -> 1040397)	ccmtysse001-knightsofthenine.esl
	(1040398 -> 1040398)	ccQDRSSE001-SurvivalMode.esl
	(7 -> 7)	cctwbsse001-puzzledungeon.esm
	(8 -> 8)	cceejsse001-hstead.esm
	(1040399 -> 1040399)	ccqdrsse002-firewood.esl
	(1040400 -> 1040400)	ccbgssse018-shadowrend.esl
	(1040401 -> 1040401)	ccbgssse035-petnhound.esl
	(1040402 -> 1040402)	ccfsvsse001-backpacks.esl
	(1040403 -> 1040403)	cceejsse002-tower.esl
	(1040404 -> 1040404)	ccedhsse001-norjewel.esl
	(1040405 -> 1040405)	ccvsvsse002-pets.esl
	(1040406 -> 1040406)	ccBGSSSE037-Curios.esl
	(1040407 -> 1040407)	ccbgssse034-mntuni.esl
	(1040408 -> 1040408)	ccbgssse045-hasedoki.esl
	(1040409 -> 1040409)	ccbgssse008-wraithguard.esl
	(1040410 -> 1040410)	ccbgssse036-petbwolf.esl
	(1040411 -> 1040411)	ccffbsse001-imperialdragon.esl
	(1040412 -> 1040412)	ccmtysse002-ve.esl
	(1040413 -> 1040413)	ccbgssse043-crosselv.esl
	(1040414 -> 1040414)	ccvsvsse001-winter.esl
	(1040415 -> 1040415)	cceejsse003-hollow.esl
	(9 -> 9)	ccbgssse016-umbra.esm
	(10 -> 10)	ccbgssse031-advcyrus.esm
	(1040416 -> 1040416)	ccbgssse038-bowofshadows.esl
	(1040417 -> 1040417)	ccbgssse040-advobgobs.esl
	(1040418 -> 1040418)	ccbgssse050-ba_daedric.esl
	(1040419 -> 1040419)	ccbgssse052-ba_iron.esl
	(1040420 -> 1040420)	ccbgssse054-ba_orcish.esl
	(1040421 -> 1040421)	ccbgssse058-ba_steel.esl
	(1040422 -> 1040422)	ccbgssse059-ba_dragonplate.esl
	(1040423 -> 1040423)	ccbgssse061-ba_dwarven.esl
	(1040424 -> 1040424)	ccpewsse002-armsofchaos.esl
	(1040425 -> 1040425)	ccbgssse041-netchleather.esl
	(1040426 -> 1040426)	ccedhsse002-splkntset.esl
	(1040427 -> 1040427)	ccbgssse064-ba_elven.esl
	(1040428 -> 1040428)	ccbgssse063-ba_ebony.esl
	(1040429 -> 1040429)	ccbgssse062-ba_dwarvenmail.esl
	(1040430 -> 1040430)	ccbgssse060-ba_dragonscale.esl
	(1040431 -> 1040431)	ccbgssse056-ba_silver.esl
	(1040432 -> 1040432)	ccbgssse055-ba_orcishscaled.esl
	(1040433 -> 1040433)	ccbgssse053-ba_leather.esl
	(1040434 -> 1040434)	ccbgssse051-ba_daedricmail.esl
	(1040435 -> 1040435)	ccbgssse057-ba_stalhrim.esl
	(1040436 -> 1040436)	ccbgssse066-staves.esl
	(11 -> 11)	ccbgssse067-daedinv.esm
	(1040437 -> 1040437)	ccbgssse068-bloodfall.esl
	(1040438 -> 1040438)	ccbgssse069-contest.esl
	(1040439 -> 1040439)	ccvsvsse003-necroarts.esl
	(1040440 -> 1040440)	ccvsvsse004-beafarmer.esl
	(12 -> 12)	ccBGSSSE025-AdvDSGS.esm
	(1040441 -> 1040441)	ccffbsse002-crossbowpack.esl
	(1040442 -> 1040442)	ccbgssse013-dawnfang.esl
	(1040443 -> 1040443)	ccrmssse001-necrohouse.esl
	(1040444 -> 1040444)	ccedhsse003-redguard.esl
	(1040445 -> 1040445)	cceejsse004-hall.esl
	(13 -> 13)	cceejsse005-cave.esm
	(1040446 -> 1040446)	cckrtsse001_altar.esl
	(1040447 -> 1040447)	cccbhsse001-gaunt.esl
	(14 -> 14)	ccafdsse001-dwesanctuary.esm
	(15 -> 15)	Unofficial Skyrim Special Edition Patch.esp
	(16 -> 16)	Lanterns Of Skyrim - All In One - Main.esm
	(17 -> 17)	MajesticMountains_Landscape.esm
	(18 -> 18)	Unique Flowers & Plants.esm
	(19 -> 19)	RealisticWaterTwo - Resources.esm
	(20 -> 20)	SkyUI_SE.esp
	(21 -> 21)	SMIM-SE-Merged-All.esp
	(22 -> 22)	Blowing in the Wind SSE.esp
	(23 -> 23)	NAT.esp
	(24 -> 24)	ELFX - Exteriors.esp
	(25 -> 25)	Blowing in the Wind - ELFX Exteriors Patch SSE.esp
	(26 -> 26)	Kridla_Mec_Swords.esp
	(27 -> 27)	UIExtensions.esp
	(28 -> 28)	AddItemMenuSE.esp
	(29 -> 29)	EnhancedLightsandFX.esp
	(30 -> 30)	Enhanced Landscapes.esp
	(31 -> 31)	CollegeOfWinterholdImmersive.esp
	(32 -> 32)	immersive roads.esp
	(33 -> 33)	JKs Skyrim.esp
	(34 -> 34)	morthal.esp
	(35 -> 35)	JK's Skyrim - Morthal II Patch.esp
	(36 -> 36)	Windhelm Exterior Altered.esp
	(1040448 -> 1040448)	Particle Patch for ENB.esp
	(37 -> 37)	Settlements Expanded SE.esp
	(38 -> 38)	Snowy AF Windhelm.esp
	(39 -> 39)	Morning Fogs SSE.esp
	(40 -> 40)	EmbersHD.esp
	(41 -> 41)	LeafeatersWhiterunTreeOverhaul-JK.esp
	(42 -> 42)	LIAT - NPCs.esp
	(43 -> 43)	dD - Enhanced Blood Main.esp
	(44 -> 44)	DustEffectsSSE.esp
	(45 -> 45)	SkyrimIsWindy.esp
	(46 -> 46)	Enhanced Vanilla Trees SSE.esp
	(47 -> 47)	JKs Whiterun exterior.esp
	(48 -> 48)	JK's SkyHaven Forge.esp
	(1040449 -> 1040449)	JKs Skyrim_Snowy AF Windhelm_Patch.esp
	(1040450 -> 1040450)	MajesticMountains.esp
	(49 -> 49)	NorthernGrass.esp
	(50 -> 50)	RUSTIC SOULGEMS - Sorted.esp
	(51 -> 51)	WondersofWeather.esp
	(52 -> 52)	RealisticWaterTwo.esp
Done!

Storage Saving...
Saving plugin list:
	[0]	Skyrim.esm
	[1]	Update.esm
	[2]	Dawnguard.esm
	[3]	HearthFires.esm
	[4]	Dragonborn.esm
	[5]	ccasvsse001-almsivi.esm
	[6]	ccBGSSSE001-Fish.esm
	[FE:0]	ccbgssse002-exoticarrows.esl
	[FE:1]	ccbgssse003-zombies.esl
	[FE:2]	ccbgssse004-ruinsedge.esl
	[FE:3]	ccbgssse005-goldbrand.esl
	[FE:4]	ccbgssse006-stendarshammer.esl
	[FE:5]	ccbgssse007-chrysamere.esl
	[FE:6]	ccbgssse010-petdwarvenarmoredmudcrab.esl
	[FE:7]	ccbgssse011-hrsarmrelvn.esl
	[FE:8]	ccbgssse012-hrsarmrstl.esl
	[FE:9]	ccbgssse014-spellpack01.esl
	[FE:10]	ccbgssse019-staffofsheogorath.esl
	[FE:11]	ccbgssse020-graycowl.esl
	[FE:12]	ccbgssse021-lordsmail.esl
	[FE:13]	ccmtysse001-knightsofthenine.esl
	[FE:14]	ccQDRSSE001-SurvivalMode.esl
	[7]	cctwbsse001-puzzledungeon.esm
	[8]	cceejsse001-hstead.esm
	[FE:15]	ccqdrsse002-firewood.esl
	[FE:16]	ccbgssse018-shadowrend.esl
	[FE:17]	ccbgssse035-petnhound.esl
	[FE:18]	ccfsvsse001-backpacks.esl
	[FE:19]	cceejsse002-tower.esl
	[FE:20]	ccedhsse001-norjewel.esl
	[FE:21]	ccvsvsse002-pets.esl
	[FE:22]	ccBGSSSE037-Curios.esl
	[FE:23]	ccbgssse034-mntuni.esl
	[FE:24]	ccbgssse045-hasedoki.esl
	[FE:25]	ccbgssse008-wraithguard.esl
	[FE:26]	ccbgssse036-petbwolf.esl
	[FE:27]	ccffbsse001-imperialdragon.esl
	[FE:28]	ccmtysse002-ve.esl
	[FE:29]	ccbgssse043-crosselv.esl
	[FE:30]	ccvsvsse001-winter.esl
	[FE:31]	cceejsse003-hollow.esl
	[9]	ccbgssse016-umbra.esm
	[10]	ccbgssse031-advcyrus.esm
	[FE:32]	ccbgssse038-bowofshadows.esl
	[FE:33]	ccbgssse040-advobgobs.esl
	[FE:34]	ccbgssse050-ba_daedric.esl
	[FE:35]	ccbgssse052-ba_iron.esl
	[FE:36]	ccbgssse054-ba_orcish.esl
	[FE:37]	ccbgssse058-ba_steel.esl
	[FE:38]	ccbgssse059-ba_dragonplate.esl
	[FE:39]	ccbgssse061-ba_dwarven.esl
	[FE:40]	ccpewsse002-armsofchaos.esl
	[FE:41]	ccbgssse041-netchleather.esl
	[FE:42]	ccedhsse002-splkntset.esl
	[FE:43]	ccbgssse064-ba_elven.esl
	[FE:44]	ccbgssse063-ba_ebony.esl
	[FE:45]	ccbgssse062-ba_dwarvenmail.esl
	[FE:46]	ccbgssse060-ba_dragonscale.esl
	[FE:47]	ccbgssse056-ba_silver.esl
	[FE:48]	ccbgssse055-ba_orcishscaled.esl
	[FE:49]	ccbgssse053-ba_leather.esl
	[FE:50]	ccbgssse051-ba_daedricmail.esl
	[FE:51]	ccbgssse057-ba_stalhrim.esl
	[FE:52]	ccbgssse066-staves.esl
	[11]	ccbgssse067-daedinv.esm
	[FE:53]	ccbgssse068-bloodfall.esl
	[FE:54]	ccbgssse069-contest.esl
	[FE:55]	ccvsvsse003-necroarts.esl
	[FE:56]	ccvsvsse004-beafarmer.esl
	[12]	ccBGSSSE025-AdvDSGS.esm
	[FE:57]	ccffbsse002-crossbowpack.esl
	[FE:58]	ccbgssse013-dawnfang.esl
	[FE:59]	ccrmssse001-necrohouse.esl
	[FE:60]	ccedhsse003-redguard.esl
	[FE:61]	cceejsse004-hall.esl
	[13]	cceejsse005-cave.esm
	[FE:62]	cckrtsse001_altar.esl
	[FE:63]	cccbhsse001-gaunt.esl
	[14]	ccafdsse001-dwesanctuary.esm
	[15]	Unofficial Skyrim Special Edition Patch.esp
	[16]	Lanterns Of Skyrim - All In One - Main.esm
	[17]	MajesticMountains_Landscape.esm
	[18]	Unique Flowers & Plants.esm
	[19]	RealisticWaterTwo - Resources.esm
	[20]	SkyUI_SE.esp
	[21]	SMIM-SE-Merged-All.esp
	[22]	Blowing in the Wind SSE.esp
	[23]	NAT.esp
	[24]	ELFX - Exteriors.esp
	[25]	Blowing in the Wind - ELFX Exteriors Patch SSE.esp
	[26]	Kridla_Mec_Swords.esp
	[27]	UIExtensions.esp
	[28]	AddItemMenuSE.esp
	[29]	EnhancedLightsandFX.esp
	[30]	Enhanced Landscapes.esp
	[31]	CollegeOfWinterholdImmersive.esp
	[32]	immersive roads.esp
	[33]	JKs Skyrim.esp
	[34]	morthal.esp
	[35]	JK's Skyrim - Morthal II Patch.esp
	[36]	Windhelm Exterior Altered.esp
	[FE:64]	Particle Patch for ENB.esp
	[37]	Settlements Expanded SE.esp
	[38]	Snowy AF Windhelm.esp
	[39]	Morning Fogs SSE.esp
	[40]	EmbersHD.esp
	[41]	LeafeatersWhiterunTreeOverhaul-JK.esp
	[42]	LIAT - NPCs.esp
	[43]	dD - Enhanced Blood Main.esp
	[44]	DustEffectsSSE.esp
	[45]	SkyrimIsWindy.esp
	[46]	Enhanced Vanilla Trees SSE.esp
	[47]	JKs Whiterun exterior.esp
	[48]	JK's SkyHaven Forge.esp
	[FE:65]	JKs Skyrim_Snowy AF Windhelm_Patch.esp
	[FE:66]	MajesticMountains.esp
	[49]	NorthernGrass.esp
	[50]	RUSTIC SOULGEMS - Sorted.esp
	[51]	WondersofWeather.esp
	[52]	RealisticWaterTwo.esp
	PLGN Saved
	- empty!
	INTV Saved
	- empty!
	FLOV Saved
	- empty!
	STRV Saved
	- empty!
	FORV Saved
	- empty!
	INTL Saved
	- empty!
	FLOL Saved
	- empty!
	STRL Saved
	- empty!
	FORL Saved
	- empty!
	PKGO Saved
JSON SaveFiles - Done
	External JSON Saved
Save Done!

Storage Saving...
Saving plugin list:
	[0]	Skyrim.esm
	[1]	Update.esm
	[2]	Dawnguard.esm
	[3]	HearthFires.esm
	[4]	Dragonborn.esm
	[5]	ccasvsse001-almsivi.esm
	[6]	ccBGSSSE001-Fish.esm
	[FE:0]	ccbgssse002-exoticarrows.esl
	[FE:1]	ccbgssse003-zombies.esl
	[FE:2]	ccbgssse004-ruinsedge.esl
	[FE:3]	ccbgssse005-goldbrand.esl
	[FE:4]	ccbgssse006-stendarshammer.esl
	[FE:5]	ccbgssse007-chrysamere.esl
	[FE:6]	ccbgssse010-petdwarvenarmoredmudcrab.esl
	[FE:7]	ccbgssse011-hrsarmrelvn.esl
	[FE:8]	ccbgssse012-hrsarmrstl.esl
	[FE:9]	ccbgssse014-spellpack01.esl
	[FE:10]	ccbgssse019-staffofsheogorath.esl
	[FE:11]	ccbgssse020-graycowl.esl
	[FE:12]	ccbgssse021-lordsmail.esl
	[FE:13]	ccmtysse001-knightsofthenine.esl
	[FE:14]	ccQDRSSE001-SurvivalMode.esl
	[7]	cctwbsse001-puzzledungeon.esm
	[8]	cceejsse001-hstead.esm
	[FE:15]	ccqdrsse002-firewood.esl
	[FE:16]	ccbgssse018-shadowrend.esl
	[FE:17]	ccbgssse035-petnhound.esl
	[FE:18]	ccfsvsse001-backpacks.esl
	[FE:19]	cceejsse002-tower.esl
	[FE:20]	ccedhsse001-norjewel.esl
	[FE:21]	ccvsvsse002-pets.esl
	[FE:22]	ccBGSSSE037-Curios.esl
	[FE:23]	ccbgssse034-mntuni.esl
	[FE:24]	ccbgssse045-hasedoki.esl
	[FE:25]	ccbgssse008-wraithguard.esl
	[FE:26]	ccbgssse036-petbwolf.esl
	[FE:27]	ccffbsse001-imperialdragon.esl
	[FE:28]	ccmtysse002-ve.esl
	[FE:29]	ccbgssse043-crosselv.esl
	[FE:30]	ccvsvsse001-winter.esl
	[FE:31]	cceejsse003-hollow.esl
	[9]	ccbgssse016-umbra.esm
	[10]	ccbgssse031-advcyrus.esm
	[FE:32]	ccbgssse038-bowofshadows.esl
	[FE:33]	ccbgssse040-advobgobs.esl
	[FE:34]	ccbgssse050-ba_daedric.esl
	[FE:35]	ccbgssse052-ba_iron.esl
	[FE:36]	ccbgssse054-ba_orcish.esl
	[FE:37]	ccbgssse058-ba_steel.esl
	[FE:38]	ccbgssse059-ba_dragonplate.esl
	[FE:39]	ccbgssse061-ba_dwarven.esl
	[FE:40]	ccpewsse002-armsofchaos.esl
	[FE:41]	ccbgssse041-netchleather.esl
	[FE:42]	ccedhsse002-splkntset.esl
	[FE:43]	ccbgssse064-ba_elven.esl
	[FE:44]	ccbgssse063-ba_ebony.esl
	[FE:45]	ccbgssse062-ba_dwarvenmail.esl
	[FE:46]	ccbgssse060-ba_dragonscale.esl
	[FE:47]	ccbgssse056-ba_silver.esl
	[FE:48]	ccbgssse055-ba_orcishscaled.esl
	[FE:49]	ccbgssse053-ba_leather.esl
	[FE:50]	ccbgssse051-ba_daedricmail.esl
	[FE:51]	ccbgssse057-ba_stalhrim.esl
	[FE:52]	ccbgssse066-staves.esl
	[11]	ccbgssse067-daedinv.esm
	[FE:53]	ccbgssse068-bloodfall.esl
	[FE:54]	ccbgssse069-contest.esl
	[FE:55]	ccvsvsse003-necroarts.esl
	[FE:56]	ccvsvsse004-beafarmer.esl
	[12]	ccBGSSSE025-AdvDSGS.esm
	[FE:57]	ccffbsse002-crossbowpack.esl
	[FE:58]	ccbgssse013-dawnfang.esl
	[FE:59]	ccrmssse001-necrohouse.esl
	[FE:60]	ccedhsse003-redguard.esl
	[FE:61]	cceejsse004-hall.esl
	[13]	cceejsse005-cave.esm
	[FE:62]	cckrtsse001_altar.esl
	[FE:63]	cccbhsse001-gaunt.esl
	[14]	ccafdsse001-dwesanctuary.esm
	[15]	Unofficial Skyrim Special Edition Patch.esp
	[16]	Lanterns Of Skyrim - All In One - Main.esm
	[17]	MajesticMountains_Landscape.esm
	[18]	Unique Flowers & Plants.esm
	[19]	RealisticWaterTwo - Resources.esm
	[20]	SkyUI_SE.esp
	[21]	SMIM-SE-Merged-All.esp
	[22]	Blowing in the Wind SSE.esp
	[23]	NAT.esp
	[24]	ELFX - Exteriors.esp
	[25]	Blowing in the Wind - ELFX Exteriors Patch SSE.esp
	[26]	Kridla_Mec_Swords.esp
	[27]	UIExtensions.esp
	[28]	AddItemMenuSE.esp
	[29]	EnhancedLightsandFX.esp
	[30]	Enhanced Landscapes.esp
	[31]	CollegeOfWinterholdImmersive.esp
	[32]	immersive roads.esp
	[33]	JKs Skyrim.esp
	[34]	morthal.esp
	[35]	JK's Skyrim - Morthal II Patch.esp
	[36]	Windhelm Exterior Altered.esp
	[FE:64]	Particle Patch for ENB.esp
	[37]	Settlements Expanded SE.esp
	[38]	Snowy AF Windhelm.esp
	[39]	Morning Fogs SSE.esp
	[40]	EmbersHD.esp
	[41]	LeafeatersWhiterunTreeOverhaul-JK.esp
	[42]	LIAT - NPCs.esp
	[43]	dD - Enhanced Blood Main.esp
	[44]	DustEffectsSSE.esp
	[45]	SkyrimIsWindy.esp
	[46]	Enhanced Vanilla Trees SSE.esp
	[47]	JKs Whiterun exterior.esp
	[48]	JK's SkyHaven Forge.esp
	[FE:65]	JKs Skyrim_Snowy AF Windhelm_Patch.esp
	[FE:66]	MajesticMountains.esp
	[49]	NorthernGrass.esp
	[50]	RUSTIC SOULGEMS - Sorted.esp
	[51]	WondersofWeather.esp
	[52]	RealisticWaterTwo.esp
	PLGN Saved
	- empty!
	INTV Saved
	- empty!
	FLOV Saved
	- empty!
	STRV Saved
	- empty!
	FORV Saved
	- empty!
	INTL Saved
	- empty!
	FLOL Saved
	- empty!
	STRL Saved
	- empty!
	FORL Saved
	- empty!
	PKGO Saved
JSON SaveFiles - Done
	External JSON Saved
Save Done!

Storage Saving...
Saving plugin list:
	[0]	Skyrim.esm
	[1]	Update.esm
	[2]	Dawnguard.esm
	[3]	HearthFires.esm
	[4]	Dragonborn.esm
	[5]	ccasvsse001-almsivi.esm
	[6]	ccBGSSSE001-Fish.esm
	[FE:0]	ccbgssse002-exoticarrows.esl
	[FE:1]	ccbgssse003-zombies.esl
	[FE:2]	ccbgssse004-ruinsedge.esl
	[FE:3]	ccbgssse005-goldbrand.esl
	[FE:4]	ccbgssse006-stendarshammer.esl
	[FE:5]	ccbgssse007-chrysamere.esl
	[FE:6]	ccbgssse010-petdwarvenarmoredmudcrab.esl
	[FE:7]	ccbgssse011-hrsarmrelvn.esl
	[FE:8]	ccbgssse012-hrsarmrstl.esl
	[FE:9]	ccbgssse014-spellpack01.esl
	[FE:10]	ccbgssse019-staffofsheogorath.esl
	[FE:11]	ccbgssse020-graycowl.esl
	[FE:12]	ccbgssse021-lordsmail.esl
	[FE:13]	ccmtysse001-knightsofthenine.esl
	[FE:14]	ccQDRSSE001-SurvivalMode.esl
	[7]	cctwbsse001-puzzledungeon.esm
	[8]	cceejsse001-hstead.esm
	[FE:15]	ccqdrsse002-firewood.esl
	[FE:16]	ccbgssse018-shadowrend.esl
	[FE:17]	ccbgssse035-petnhound.esl
	[FE:18]	ccfsvsse001-backpacks.esl
	[FE:19]	cceejsse002-tower.esl
	[FE:20]	ccedhsse001-norjewel.esl
	[FE:21]	ccvsvsse002-pets.esl
	[FE:22]	ccBGSSSE037-Curios.esl
	[FE:23]	ccbgssse034-mntuni.esl
	[FE:24]	ccbgssse045-hasedoki.esl
	[FE:25]	ccbgssse008-wraithguard.esl
	[FE:26]	ccbgssse036-petbwolf.esl
	[FE:27]	ccffbsse001-imperialdragon.esl
	[FE:28]	ccmtysse002-ve.esl
	[FE:29]	ccbgssse043-crosselv.esl
	[FE:30]	ccvsvsse001-winter.esl
	[FE:31]	cceejsse003-hollow.esl
	[9]	ccbgssse016-umbra.esm
	[10]	ccbgssse031-advcyrus.esm
	[FE:32]	ccbgssse038-bowofshadows.esl
	[FE:33]	ccbgssse040-advobgobs.esl
	[FE:34]	ccbgssse050-ba_daedric.esl
	[FE:35]	ccbgssse052-ba_iron.esl
	[FE:36]	ccbgssse054-ba_orcish.esl
	[FE:37]	ccbgssse058-ba_steel.esl
	[FE:38]	ccbgssse059-ba_dragonplate.esl
	[FE:39]	ccbgssse061-ba_dwarven.esl
	[FE:40]	ccpewsse002-armsofchaos.esl
	[FE:41]	ccbgssse041-netchleather.esl
	[FE:42]	ccedhsse002-splkntset.esl
	[FE:43]	ccbgssse064-ba_elven.esl
	[FE:44]	ccbgssse063-ba_ebony.esl
	[FE:45]	ccbgssse062-ba_dwarvenmail.esl
	[FE:46]	ccbgssse060-ba_dragonscale.esl
	[FE:47]	ccbgssse056-ba_silver.esl
	[FE:48]	ccbgssse055-ba_orcishscaled.esl
	[FE:49]	ccbgssse053-ba_leather.esl
	[FE:50]	ccbgssse051-ba_daedricmail.esl
	[FE:51]	ccbgssse057-ba_stalhrim.esl
	[FE:52]	ccbgssse066-staves.esl
	[11]	ccbgssse067-daedinv.esm
	[FE:53]	ccbgssse068-bloodfall.esl
	[FE:54]	ccbgssse069-contest.esl
	[FE:55]	ccvsvsse003-necroarts.esl
	[FE:56]	ccvsvsse004-beafarmer.esl
	[12]	ccBGSSSE025-AdvDSGS.esm
	[FE:57]	ccffbsse002-crossbowpack.esl
	[FE:58]	ccbgssse013-dawnfang.esl
	[FE:59]	ccrmssse001-necrohouse.esl
	[FE:60]	ccedhsse003-redguard.esl
	[FE:61]	cceejsse004-hall.esl
	[13]	cceejsse005-cave.esm
	[FE:62]	cckrtsse001_altar.esl
	[FE:63]	cccbhsse001-gaunt.esl
	[14]	ccafdsse001-dwesanctuary.esm
	[15]	Unofficial Skyrim Special Edition Patch.esp
	[16]	Lanterns Of Skyrim - All In One - Main.esm
	[17]	MajesticMountains_Landscape.esm
	[18]	Unique Flowers & Plants.esm
	[19]	RealisticWaterTwo - Resources.esm
	[20]	SkyUI_SE.esp
	[21]	SMIM-SE-Merged-All.esp
	[22]	Blowing in the Wind SSE.esp
	[23]	NAT.esp
	[24]	ELFX - Exteriors.esp
	[25]	Blowing in the Wind - ELFX Exteriors Patch SSE.esp
	[26]	Kridla_Mec_Swords.esp
	[27]	UIExtensions.esp
	[28]	AddItemMenuSE.esp
	[29]	EnhancedLightsandFX.esp
	[30]	Enhanced Landscapes.esp
	[31]	CollegeOfWinterholdImmersive.esp
	[32]	immersive roads.esp
	[33]	JKs Skyrim.esp
	[34]	morthal.esp
	[35]	JK's Skyrim - Morthal II Patch.esp
	[36]	Windhelm Exterior Altered.esp
	[FE:64]	Particle Patch for ENB.esp
	[37]	Settlements Expanded SE.esp
	[38]	Snowy AF Windhelm.esp
	[39]	Morning Fogs SSE.esp
	[40]	EmbersHD.esp
	[41]	LeafeatersWhiterunTreeOverhaul-JK.esp
	[42]	LIAT - NPCs.esp
	[43]	dD - Enhanced Blood Main.esp
	[44]	DustEffectsSSE.esp
	[45]	SkyrimIsWindy.esp
	[46]	Enhanced Vanilla Trees SSE.esp
	[47]	JKs Whiterun exterior.esp
	[48]	JK's SkyHaven Forge.esp
	[FE:65]	JKs Skyrim_Snowy AF Windhelm_Patch.esp
	[FE:66]	MajesticMountains.esp
	[49]	NorthernGrass.esp
	[50]	RUSTIC SOULGEMS - Sorted.esp
	[51]	WondersofWeather.esp
	[52]	RealisticWaterTwo.esp
	PLGN Saved
	- empty!
	INTV Saved
	- empty!
	FLOV Saved
	- empty!
	STRV Saved
	- empty!
	FORV Saved
	- empty!
	INTL Saved
	- empty!
	FLOL Saved
	- empty!
	STRL Saved
	- empty!
	FORL Saved
	- empty!
	PKGO Saved
JSON SaveFiles - Done
	External JSON Saved
Save Done!

Storage Saving...
Saving plugin list:
	[0]	Skyrim.esm
	[1]	Update.esm
	[2]	Dawnguard.esm
	[3]	HearthFires.esm
	[4]	Dragonborn.esm
	[5]	ccasvsse001-almsivi.esm
	[6]	ccBGSSSE001-Fish.esm
	[FE:0]	ccbgssse002-exoticarrows.esl
	[FE:1]	ccbgssse003-zombies.esl
	[FE:2]	ccbgssse004-ruinsedge.esl
	[FE:3]	ccbgssse005-goldbrand.esl
	[FE:4]	ccbgssse006-stendarshammer.esl
	[FE:5]	ccbgssse007-chrysamere.esl
	[FE:6]	ccbgssse010-petdwarvenarmoredmudcrab.esl
	[FE:7]	ccbgssse011-hrsarmrelvn.esl
	[FE:8]	ccbgssse012-hrsarmrstl.esl
	[FE:9]	ccbgssse014-spellpack01.esl
	[FE:10]	ccbgssse019-staffofsheogorath.esl
	[FE:11]	ccbgssse020-graycowl.esl
	[FE:12]	ccbgssse021-lordsmail.esl
	[FE:13]	ccmtysse001-knightsofthenine.esl
	[FE:14]	ccQDRSSE001-SurvivalMode.esl
	[7]	cctwbsse001-puzzledungeon.esm
	[8]	cceejsse001-hstead.esm
	[FE:15]	ccqdrsse002-firewood.esl
	[FE:16]	ccbgssse018-shadowrend.esl
	[FE:17]	ccbgssse035-petnhound.esl
	[FE:18]	ccfsvsse001-backpacks.esl
	[FE:19]	cceejsse002-tower.esl
	[FE:20]	ccedhsse001-norjewel.esl
	[FE:21]	ccvsvsse002-pets.esl
	[FE:22]	ccBGSSSE037-Curios.esl
	[FE:23]	ccbgssse034-mntuni.esl
	[FE:24]	ccbgssse045-hasedoki.esl
	[FE:25]	ccbgssse008-wraithguard.esl
	[FE:26]	ccbgssse036-petbwolf.esl
	[FE:27]	ccffbsse001-imperialdragon.esl
	[FE:28]	ccmtysse002-ve.esl
	[FE:29]	ccbgssse043-crosselv.esl
	[FE:30]	ccvsvsse001-winter.esl
	[FE:31]	cceejsse003-hollow.esl
	[9]	ccbgssse016-umbra.esm
	[10]	ccbgssse031-advcyrus.esm
	[FE:32]	ccbgssse038-bowofshadows.esl
	[FE:33]	ccbgssse040-advobgobs.esl
	[FE:34]	ccbgssse050-ba_daedric.esl
	[FE:35]	ccbgssse052-ba_iron.esl
	[FE:36]	ccbgssse054-ba_orcish.esl
	[FE:37]	ccbgssse058-ba_steel.esl
	[FE:38]	ccbgssse059-ba_dragonplate.esl
	[FE:39]	ccbgssse061-ba_dwarven.esl
	[FE:40]	ccpewsse002-armsofchaos.esl
	[FE:41]	ccbgssse041-netchleather.esl
	[FE:42]	ccedhsse002-splkntset.esl
	[FE:43]	ccbgssse064-ba_elven.esl
	[FE:44]	ccbgssse063-ba_ebony.esl
	[FE:45]	ccbgssse062-ba_dwarvenmail.esl
	[FE:46]	ccbgssse060-ba_dragonscale.esl
	[FE:47]	ccbgssse056-ba_silver.esl
	[FE:48]	ccbgssse055-ba_orcishscaled.esl
	[FE:49]	ccbgssse053-ba_leather.esl
	[FE:50]	ccbgssse051-ba_daedricmail.esl
	[FE:51]	ccbgssse057-ba_stalhrim.esl
	[FE:52]	ccbgssse066-staves.esl
	[11]	ccbgssse067-daedinv.esm
	[FE:53]	ccbgssse068-bloodfall.esl
	[FE:54]	ccbgssse069-contest.esl
	[FE:55]	ccvsvsse003-necroarts.esl
	[FE:56]	ccvsvsse004-beafarmer.esl
	[12]	ccBGSSSE025-AdvDSGS.esm
	[FE:57]	ccffbsse002-crossbowpack.esl
	[FE:58]	ccbgssse013-dawnfang.esl
	[FE:59]	ccrmssse001-necrohouse.esl
	[FE:60]	ccedhsse003-redguard.esl
	[FE:61]	cceejsse004-hall.esl
	[13]	cceejsse005-cave.esm
	[FE:62]	cckrtsse001_altar.esl
	[FE:63]	cccbhsse001-gaunt.esl
	[14]	ccafdsse001-dwesanctuary.esm
	[15]	Unofficial Skyrim Special Edition Patch.esp
	[16]	Lanterns Of Skyrim - All In One - Main.esm
	[17]	MajesticMountains_Landscape.esm
	[18]	Unique Flowers & Plants.esm
	[19]	RealisticWaterTwo - Resources.esm
	[20]	SkyUI_SE.esp
	[21]	SMIM-SE-Merged-All.esp
	[22]	Blowing in the Wind SSE.esp
	[23]	NAT.esp
	[24]	ELFX - Exteriors.esp
	[25]	Blowing in the Wind - ELFX Exteriors Patch SSE.esp
	[26]	Kridla_Mec_Swords.esp
	[27]	UIExtensions.esp
	[28]	AddItemMenuSE.esp
	[29]	EnhancedLightsandFX.esp
	[30]	Enhanced Landscapes.esp
	[31]	CollegeOfWinterholdImmersive.esp
	[32]	immersive roads.esp
	[33]	JKs Skyrim.esp
	[34]	morthal.esp
	[35]	JK's Skyrim - Morthal II Patch.esp
	[36]	Windhelm Exterior Altered.esp
	[FE:64]	Particle Patch for ENB.esp
	[37]	Settlements Expanded SE.esp
	[38]	Snowy AF Windhelm.esp
	[39]	Morning Fogs SSE.esp
	[40]	EmbersHD.esp
	[41]	LeafeatersWhiterunTreeOverhaul-JK.esp
	[42]	LIAT - NPCs.esp
	[43]	dD - Enhanced Blood Main.esp
	[44]	DustEffectsSSE.esp
	[45]	SkyrimIsWindy.esp
	[46]	Enhanced Vanilla Trees SSE.esp
	[47]	JKs Whiterun exterior.esp
	[48]	JK's SkyHaven Forge.esp
	[FE:65]	JKs Skyrim_Snowy AF Windhelm_Patch.esp
	[FE:66]	MajesticMountains.esp
	[49]	NorthernGrass.esp
	[50]	RUSTIC SOULGEMS - Sorted.esp
	[51]	WondersofWeather.esp
	[52]	RealisticWaterTwo.esp
	PLGN Saved
	- empty!
	INTV Saved
	- empty!
	FLOV Saved
	- empty!
	STRV Saved
	- empty!
	FORV Saved
	- empty!
	INTL Saved
	- empty!
	FLOL Saved
	- empty!
	STRL Saved
	- empty!
	FORL Saved
	- empty!
	PKGO Saved
JSON SaveFiles - Done
	External JSON Saved
Save Done!

Storage Saving...
Saving plugin list:
	[0]	Skyrim.esm
	[1]	Update.esm
	[2]	Dawnguard.esm
	[3]	HearthFires.esm
	[4]	Dragonborn.esm
	[5]	ccasvsse001-almsivi.esm
	[6]	ccBGSSSE001-Fish.esm
	[FE:0]	ccbgssse002-exoticarrows.esl
	[FE:1]	ccbgssse003-zombies.esl
	[FE:2]	ccbgssse004-ruinsedge.esl
	[FE:3]	ccbgssse005-goldbrand.esl
	[FE:4]	ccbgssse006-stendarshammer.esl
	[FE:5]	ccbgssse007-chrysamere.esl
	[FE:6]	ccbgssse010-petdwarvenarmoredmudcrab.esl
	[FE:7]	ccbgssse011-hrsarmrelvn.esl
	[FE:8]	ccbgssse012-hrsarmrstl.esl
	[FE:9]	ccbgssse014-spellpack01.esl
	[FE:10]	ccbgssse019-staffofsheogorath.esl
	[FE:11]	ccbgssse020-graycowl.esl
	[FE:12]	ccbgssse021-lordsmail.esl
	[FE:13]	ccmtysse001-knightsofthenine.esl
	[FE:14]	ccQDRSSE001-SurvivalMode.esl
	[7]	cctwbsse001-puzzledungeon.esm
	[8]	cceejsse001-hstead.esm
	[FE:15]	ccqdrsse002-firewood.esl
	[FE:16]	ccbgssse018-shadowrend.esl
	[FE:17]	ccbgssse035-petnhound.esl
	[FE:18]	ccfsvsse001-backpacks.esl
	[FE:19]	cceejsse002-tower.esl
	[FE:20]	ccedhsse001-norjewel.esl
	[FE:21]	ccvsvsse002-pets.esl
	[FE:22]	ccBGSSSE037-Curios.esl
	[FE:23]	ccbgssse034-mntuni.esl
	[FE:24]	ccbgssse045-hasedoki.esl
	[FE:25]	ccbgssse008-wraithguard.esl
	[FE:26]	ccbgssse036-petbwolf.esl
	[FE:27]	ccffbsse001-imperialdragon.esl
	[FE:28]	ccmtysse002-ve.esl
	[FE:29]	ccbgssse043-crosselv.esl
	[FE:30]	ccvsvsse001-winter.esl
	[FE:31]	cceejsse003-hollow.esl
	[9]	ccbgssse016-umbra.esm
	[10]	ccbgssse031-advcyrus.esm
	[FE:32]	ccbgssse038-bowofshadows.esl
	[FE:33]	ccbgssse040-advobgobs.esl
	[FE:34]	ccbgssse050-ba_daedric.esl
	[FE:35]	ccbgssse052-ba_iron.esl
	[FE:36]	ccbgssse054-ba_orcish.esl
	[FE:37]	ccbgssse058-ba_steel.esl
	[FE:38]	ccbgssse059-ba_dragonplate.esl
	[FE:39]	ccbgssse061-ba_dwarven.esl
	[FE:40]	ccpewsse002-armsofchaos.esl
	[FE:41]	ccbgssse041-netchleather.esl
	[FE:42]	ccedhsse002-splkntset.esl
	[FE:43]	ccbgssse064-ba_elven.esl
	[FE:44]	ccbgssse063-ba_ebony.esl
	[FE:45]	ccbgssse062-ba_dwarvenmail.esl
	[FE:46]	ccbgssse060-ba_dragonscale.esl
	[FE:47]	ccbgssse056-ba_silver.esl
	[FE:48]	ccbgssse055-ba_orcishscaled.esl
	[FE:49]	ccbgssse053-ba_leather.esl
	[FE:50]	ccbgssse051-ba_daedricmail.esl
	[FE:51]	ccbgssse057-ba_stalhrim.esl
	[FE:52]	ccbgssse066-staves.esl
	[11]	ccbgssse067-daedinv.esm
	[FE:53]	ccbgssse068-bloodfall.esl
	[FE:54]	ccbgssse069-contest.esl
	[FE:55]	ccvsvsse003-necroarts.esl
	[FE:56]	ccvsvsse004-beafarmer.esl
	[12]	ccBGSSSE025-AdvDSGS.esm
	[FE:57]	ccffbsse002-crossbowpack.esl
	[FE:58]	ccbgssse013-dawnfang.esl
	[FE:59]	ccrmssse001-necrohouse.esl
	[FE:60]	ccedhsse003-redguard.esl
	[FE:61]	cceejsse004-hall.esl
	[13]	cceejsse005-cave.esm
	[FE:62]	cckrtsse001_altar.esl
	[FE:63]	cccbhsse001-gaunt.esl
	[14]	ccafdsse001-dwesanctuary.esm
	[15]	Unofficial Skyrim Special Edition Patch.esp
	[16]	Lanterns Of Skyrim - All In One - Main.esm
	[17]	MajesticMountains_Landscape.esm
	[18]	Unique Flowers & Plants.esm
	[19]	RealisticWaterTwo - Resources.esm
	[20]	SkyUI_SE.esp
	[21]	SMIM-SE-Merged-All.esp
	[22]	Blowing in the Wind SSE.esp
	[23]	NAT.esp
	[24]	ELFX - Exteriors.esp
	[25]	Blowing in the Wind - ELFX Exteriors Patch SSE.esp
	[26]	Kridla_Mec_Swords.esp
	[27]	UIExtensions.esp
	[28]	AddItemMenuSE.esp
	[29]	EnhancedLightsandFX.esp
	[30]	Enhanced Landscapes.esp
	[31]	CollegeOfWinterholdImmersive.esp
	[32]	immersive roads.esp
	[33]	JKs Skyrim.esp
	[34]	morthal.esp
	[35]	JK's Skyrim - Morthal II Patch.esp
	[36]	Windhelm Exterior Altered.esp
	[FE:64]	Particle Patch for ENB.esp
	[37]	Settlements Expanded SE.esp
	[38]	Snowy AF Windhelm.esp
	[39]	Morning Fogs SSE.esp
	[40]	EmbersHD.esp
	[41]	LeafeatersWhiterunTreeOverhaul-JK.esp
	[42]	LIAT - NPCs.esp
	[43]	dD - Enhanced Blood Main.esp
	[44]	DustEffectsSSE.esp
	[45]	SkyrimIsWindy.esp
	[46]	Enhanced Vanilla Trees SSE.esp
	[47]	JKs Whiterun exterior.esp
	[48]	JK's SkyHaven Forge.esp
	[FE:65]	JKs Skyrim_Snowy AF Windhelm_Patch.esp
	[FE:66]	MajesticMountains.esp
	[49]	NorthernGrass.esp
	[50]	RUSTIC SOULGEMS - Sorted.esp
	[51]	WondersofWeather.esp
	[52]	RealisticWaterTwo.esp
	PLGN Saved
	- empty!
	INTV Saved
	- empty!
	FLOV Saved
	- empty!
	STRV Saved
	- empty!
	FORV Saved
	- empty!
	INTL Saved
	- empty!
	FLOL Saved
	- empty!
	STRL Saved
	- empty!
	FORL Saved
	- empty!
	PKGO Saved
JSON SaveFiles - Done
	External JSON Saved
Save Done!

Storage Saving...
Saving plugin list:
	[0]	Skyrim.esm
	[1]	Update.esm
	[2]	Dawnguard.esm
	[3]	HearthFires.esm
	[4]	Dragonborn.esm
	[5]	ccasvsse001-almsivi.esm
	[6]	ccBGSSSE001-Fish.esm
	[FE:0]	ccbgssse002-exoticarrows.esl
	[FE:1]	ccbgssse003-zombies.esl
	[FE:2]	ccbgssse004-ruinsedge.esl
	[FE:3]	ccbgssse005-goldbrand.esl
	[FE:4]	ccbgssse006-stendarshammer.esl
	[FE:5]	ccbgssse007-chrysamere.esl
	[FE:6]	ccbgssse010-petdwarvenarmoredmudcrab.esl
	[FE:7]	ccbgssse011-hrsarmrelvn.esl
	[FE:8]	ccbgssse012-hrsarmrstl.esl
	[FE:9]	ccbgssse014-spellpack01.esl
	[FE:10]	ccbgssse019-staffofsheogorath.esl
	[FE:11]	ccbgssse020-graycowl.esl
	[FE:12]	ccbgssse021-lordsmail.esl
	[FE:13]	ccmtysse001-knightsofthenine.esl
	[FE:14]	ccQDRSSE001-SurvivalMode.esl
	[7]	cctwbsse001-puzzledungeon.esm
	[8]	cceejsse001-hstead.esm
	[FE:15]	ccqdrsse002-firewood.esl
	[FE:16]	ccbgssse018-shadowrend.esl
	[FE:17]	ccbgssse035-petnhound.esl
	[FE:18]	ccfsvsse001-backpacks.esl
	[FE:19]	cceejsse002-tower.esl
	[FE:20]	ccedhsse001-norjewel.esl
	[FE:21]	ccvsvsse002-pets.esl
	[FE:22]	ccBGSSSE037-Curios.esl
	[FE:23]	ccbgssse034-mntuni.esl
	[FE:24]	ccbgssse045-hasedoki.esl
	[FE:25]	ccbgssse008-wraithguard.esl
	[FE:26]	ccbgssse036-petbwolf.esl
	[FE:27]	ccffbsse001-imperialdragon.esl
	[FE:28]	ccmtysse002-ve.esl
	[FE:29]	ccbgssse043-crosselv.esl
	[FE:30]	ccvsvsse001-winter.esl
	[FE:31]	cceejsse003-hollow.esl
	[9]	ccbgssse016-umbra.esm
	[10]	ccbgssse031-advcyrus.esm
	[FE:32]	ccbgssse038-bowofshadows.esl
	[FE:33]	ccbgssse040-advobgobs.esl
	[FE:34]	ccbgssse050-ba_daedric.esl
	[FE:35]	ccbgssse052-ba_iron.esl
	[FE:36]	ccbgssse054-ba_orcish.esl
	[FE:37]	ccbgssse058-ba_steel.esl
	[FE:38]	ccbgssse059-ba_dragonplate.esl
	[FE:39]	ccbgssse061-ba_dwarven.esl
	[FE:40]	ccpewsse002-armsofchaos.esl
	[FE:41]	ccbgssse041-netchleather.esl
	[FE:42]	ccedhsse002-splkntset.esl
	[FE:43]	ccbgssse064-ba_elven.esl
	[FE:44]	ccbgssse063-ba_ebony.esl
	[FE:45]	ccbgssse062-ba_dwarvenmail.esl
	[FE:46]	ccbgssse060-ba_dragonscale.esl
	[FE:47]	ccbgssse056-ba_silver.esl
	[FE:48]	ccbgssse055-ba_orcishscaled.esl
	[FE:49]	ccbgssse053-ba_leather.esl
	[FE:50]	ccbgssse051-ba_daedricmail.esl
	[FE:51]	ccbgssse057-ba_stalhrim.esl
	[FE:52]	ccbgssse066-staves.esl
	[11]	ccbgssse067-daedinv.esm
	[FE:53]	ccbgssse068-bloodfall.esl
	[FE:54]	ccbgssse069-contest.esl
	[FE:55]	ccvsvsse003-necroarts.esl
	[FE:56]	ccvsvsse004-beafarmer.esl
	[12]	ccBGSSSE025-AdvDSGS.esm
	[FE:57]	ccffbsse002-crossbowpack.esl
	[FE:58]	ccbgssse013-dawnfang.esl
	[FE:59]	ccrmssse001-necrohouse.esl
	[FE:60]	ccedhsse003-redguard.esl
	[FE:61]	cceejsse004-hall.esl
	[13]	cceejsse005-cave.esm
	[FE:62]	cckrtsse001_altar.esl
	[FE:63]	cccbhsse001-gaunt.esl
	[14]	ccafdsse001-dwesanctuary.esm
	[15]	Unofficial Skyrim Special Edition Patch.esp
	[16]	Lanterns Of Skyrim - All In One - Main.esm
	[17]	MajesticMountains_Landscape.esm
	[18]	Unique Flowers & Plants.esm
	[19]	RealisticWaterTwo - Resources.esm
	[20]	SkyUI_SE.esp
	[21]	SMIM-SE-Merged-All.esp
	[22]	Blowing in the Wind SSE.esp
	[23]	NAT.esp
	[24]	ELFX - Exteriors.esp
	[25]	Blowing in the Wind - ELFX Exteriors Patch SSE.esp
	[26]	Kridla_Mec_Swords.esp
	[27]	UIExtensions.esp
	[28]	AddItemMenuSE.esp
	[29]	EnhancedLightsandFX.esp
	[30]	Enhanced Landscapes.esp
	[31]	CollegeOfWinterholdImmersive.esp
	[32]	immersive roads.esp
	[33]	JKs Skyrim.esp
	[34]	morthal.esp
	[35]	JK's Skyrim - Morthal II Patch.esp
	[36]	Windhelm Exterior Altered.esp
	[FE:64]	Particle Patch for ENB.esp
	[37]	Settlements Expanded SE.esp
	[38]	Snowy AF Windhelm.esp
	[39]	Morning Fogs SSE.esp
	[40]	EmbersHD.esp
	[41]	LeafeatersWhiterunTreeOverhaul-JK.esp
	[42]	LIAT - NPCs.esp
	[43]	dD - Enhanced Blood Main.esp
	[44]	DustEffectsSSE.esp
	[45]	SkyrimIsWindy.esp
	[46]	Enhanced Vanilla Trees SSE.esp
	[47]	JKs Whiterun exterior.esp
	[48]	JK's SkyHaven Forge.esp
	[FE:65]	JKs Skyrim_Snowy AF Windhelm_Patch.esp
	[FE:66]	MajesticMountains.esp
	[49]	NorthernGrass.esp
	[50]	RUSTIC SOULGEMS - Sorted.esp
	[51]	WondersofWeather.esp
	[52]	RealisticWaterTwo.esp
	PLGN Saved
	- empty!
	INTV Saved
	- empty!
	FLOV Saved
	- empty!
	STRV Saved
	- empty!
	FORV Saved
	- empty!
	INTL Saved
	- empty!
	FLOL Saved
	- empty!
	STRL Saved
	- empty!
	FORL Saved
	- empty!
	PKGO Saved
JSON SaveFiles - Done
	External JSON Saved
Save Done!

Storage Reverting...
	 - Mod List
	 - StorageUtil: Values
	 - StorageUtil: Lists
	 - Package Overrides
	 - JSON Files
	 - Re-Init
Done!

Storage Loading...
	PLGN Load
Loading plugin list:
	(0 -> 0)	Skyrim.esm
	(1 -> 1)	Update.esm
	(2 -> 2)	Dawnguard.esm
	(3 -> 3)	HearthFires.esm
	(4 -> 4)	Dragonborn.esm
	(5 -> 5)	ccasvsse001-almsivi.esm
	(6 -> 6)	ccBGSSSE001-Fish.esm
	(1040384 -> 1040384)	ccbgssse002-exoticarrows.esl
	(1040385 -> 1040385)	ccbgssse003-zombies.esl
	(1040386 -> 1040386)	ccbgssse004-ruinsedge.esl
	(1040387 -> 1040387)	ccbgssse005-goldbrand.esl
	(1040388 -> 1040388)	ccbgssse006-stendarshammer.esl
	(1040389 -> 1040389)	ccbgssse007-chrysamere.esl
	(1040390 -> 1040390)	ccbgssse010-petdwarvenarmoredmudcrab.esl
	(1040391 -> 1040391)	ccbgssse011-hrsarmrelvn.esl
	(1040392 -> 1040392)	ccbgssse012-hrsarmrstl.esl
	(1040393 -> 1040393)	ccbgssse014-spellpack01.esl
	(1040394 -> 1040394)	ccbgssse019-staffofsheogorath.esl
	(1040395 -> 1040395)	ccbgssse020-graycowl.esl
	(1040396 -> 1040396)	ccbgssse021-lordsmail.esl
	(1040397 -> 1040397)	ccmtysse001-knightsofthenine.esl
	(1040398 -> 1040398)	ccQDRSSE001-SurvivalMode.esl
	(7 -> 7)	cctwbsse001-puzzledungeon.esm
	(8 -> 8)	cceejsse001-hstead.esm
	(1040399 -> 1040399)	ccqdrsse002-firewood.esl
	(1040400 -> 1040400)	ccbgssse018-shadowrend.esl
	(1040401 -> 1040401)	ccbgssse035-petnhound.esl
	(1040402 -> 1040402)	ccfsvsse001-backpacks.esl
	(1040403 -> 1040403)	cceejsse002-tower.esl
	(1040404 -> 1040404)	ccedhsse001-norjewel.esl
	(1040405 -> 1040405)	ccvsvsse002-pets.esl
	(1040406 -> 1040406)	ccBGSSSE037-Curios.esl
	(1040407 -> 1040407)	ccbgssse034-mntuni.esl
	(1040408 -> 1040408)	ccbgssse045-hasedoki.esl
	(1040409 -> 1040409)	ccbgssse008-wraithguard.esl
	(1040410 -> 1040410)	ccbgssse036-petbwolf.esl
	(1040411 -> 1040411)	ccffbsse001-imperialdragon.esl
	(1040412 -> 1040412)	ccmtysse002-ve.esl
	(1040413 -> 1040413)	ccbgssse043-crosselv.esl
	(1040414 -> 1040414)	ccvsvsse001-winter.esl
	(1040415 -> 1040415)	cceejsse003-hollow.esl
	(9 -> 9)	ccbgssse016-umbra.esm
	(10 -> 10)	ccbgssse031-advcyrus.esm
	(1040416 -> 1040416)	ccbgssse038-bowofshadows.esl
	(1040417 -> 1040417)	ccbgssse040-advobgobs.esl
	(1040418 -> 1040418)	ccbgssse050-ba_daedric.esl
	(1040419 -> 1040419)	ccbgssse052-ba_iron.esl
	(1040420 -> 1040420)	ccbgssse054-ba_orcish.esl
	(1040421 -> 1040421)	ccbgssse058-ba_steel.esl
	(1040422 -> 1040422)	ccbgssse059-ba_dragonplate.esl
	(1040423 -> 1040423)	ccbgssse061-ba_dwarven.esl
	(1040424 -> 1040424)	ccpewsse002-armsofchaos.esl
	(1040425 -> 1040425)	ccbgssse041-netchleather.esl
	(1040426 -> 1040426)	ccedhsse002-splkntset.esl
	(1040427 -> 1040427)	ccbgssse064-ba_elven.esl
	(1040428 -> 1040428)	ccbgssse063-ba_ebony.esl
	(1040429 -> 1040429)	ccbgssse062-ba_dwarvenmail.esl
	(1040430 -> 1040430)	ccbgssse060-ba_dragonscale.esl
	(1040431 -> 1040431)	ccbgssse056-ba_silver.esl
	(1040432 -> 1040432)	ccbgssse055-ba_orcishscaled.esl
	(1040433 -> 1040433)	ccbgssse053-ba_leather.esl
	(1040434 -> 1040434)	ccbgssse051-ba_daedricmail.esl
	(1040435 -> 1040435)	ccbgssse057-ba_stalhrim.esl
	(1040436 -> 1040436)	ccbgssse066-staves.esl
	(11 -> 11)	ccbgssse067-daedinv.esm
	(1040437 -> 1040437)	ccbgssse068-bloodfall.esl
	(1040438 -> 1040438)	ccbgssse069-contest.esl
	(1040439 -> 1040439)	ccvsvsse003-necroarts.esl
	(1040440 -> 1040440)	ccvsvsse004-beafarmer.esl
	(12 -> 12)	ccBGSSSE025-AdvDSGS.esm
	(1040441 -> 1040441)	ccffbsse002-crossbowpack.esl
	(1040442 -> 1040442)	ccbgssse013-dawnfang.esl
	(1040443 -> 1040443)	ccrmssse001-necrohouse.esl
	(1040444 -> 1040444)	ccedhsse003-redguard.esl
	(1040445 -> 1040445)	cceejsse004-hall.esl
	(13 -> 13)	cceejsse005-cave.esm
	(1040446 -> 1040446)	cckrtsse001_altar.esl
	(1040447 -> 1040447)	cccbhsse001-gaunt.esl
	(14 -> 14)	ccafdsse001-dwesanctuary.esm
	(15 -> 15)	Unofficial Skyrim Special Edition Patch.esp
	(16 -> 16)	Lanterns Of Skyrim - All In One - Main.esm
	(17 -> 17)	MajesticMountains_Landscape.esm
	(18 -> 18)	Unique Flowers & Plants.esm
	(19 -> 19)	RealisticWaterTwo - Resources.esm
	(20 -> 20)	SkyUI_SE.esp
	(21 -> 21)	SMIM-SE-Merged-All.esp
	(22 -> 22)	Blowing in the Wind SSE.esp
	(23 -> 23)	NAT.esp
	(24 -> 24)	ELFX - Exteriors.esp
	(25 -> 25)	Blowing in the Wind - ELFX Exteriors Patch SSE.esp
	(26 -> 26)	Kridla_Mec_Swords.esp
	(27 -> 27)	UIExtensions.esp
	(28 -> 28)	AddItemMenuSE.esp
	(29 -> 29)	EnhancedLightsandFX.esp
	(30 -> 30)	Enhanced Landscapes.esp
	(31 -> 31)	CollegeOfWinterholdImmersive.esp
	(32 -> 32)	immersive roads.esp
	(33 -> 33)	JKs Skyrim.esp
	(34 -> 34)	morthal.esp
	(35 -> 35)	JK's Skyrim - Morthal II Patch.esp
	(36 -> 36)	Windhelm Exterior Altered.esp
	(1040448 -> 1040448)	Particle Patch for ENB.esp
	(37 -> 37)	Settlements Expanded SE.esp
	(38 -> 38)	Snowy AF Windhelm.esp
	(39 -> 39)	Morning Fogs SSE.esp
	(40 -> 40)	EmbersHD.esp
	(41 -> 41)	LeafeatersWhiterunTreeOverhaul-JK.esp
	(42 -> 42)	LIAT - NPCs.esp
	(43 -> 43)	dD - Enhanced Blood Main.esp
	(44 -> 44)	DustEffectsSSE.esp
	(45 -> 45)	SkyrimIsWindy.esp
	(46 -> 46)	Enhanced Vanilla Trees SSE.esp
	(47 -> 47)	JKs Whiterun exterior.esp
	(48 -> 48)	JK's SkyHaven Forge.esp
	(1040449 -> 1040449)	JKs Skyrim_Snowy AF Windhelm_Patch.esp
	(1040450 -> 1040450)	MajesticMountains.esp
	(49 -> 49)	NorthernGrass.esp
	(50 -> 50)	RUSTIC SOULGEMS - Sorted.esp
	(51 -> 51)	WondersofWeather.esp
	(52 -> 52)	RealisticWaterTwo.esp
Done!

Storage Saving...
Saving plugin list:
	[0]	Skyrim.esm
	[1]	Update.esm
	[2]	Dawnguard.esm
	[3]	HearthFires.esm
	[4]	Dragonborn.esm
	[5]	ccasvsse001-almsivi.esm
	[6]	ccBGSSSE001-Fish.esm
	[FE:0]	ccbgssse002-exoticarrows.esl
	[FE:1]	ccbgssse003-zombies.esl
	[FE:2]	ccbgssse004-ruinsedge.esl
	[FE:3]	ccbgssse005-goldbrand.esl
	[FE:4]	ccbgssse006-stendarshammer.esl
	[FE:5]	ccbgssse007-chrysamere.esl
	[FE:6]	ccbgssse010-petdwarvenarmoredmudcrab.esl
	[FE:7]	ccbgssse011-hrsarmrelvn.esl
	[FE:8]	ccbgssse012-hrsarmrstl.esl
	[FE:9]	ccbgssse014-spellpack01.esl
	[FE:10]	ccbgssse019-staffofsheogorath.esl
	[FE:11]	ccbgssse020-graycowl.esl
	[FE:12]	ccbgssse021-lordsmail.esl
	[FE:13]	ccmtysse001-knightsofthenine.esl
	[FE:14]	ccQDRSSE001-SurvivalMode.esl
	[7]	cctwbsse001-puzzledungeon.esm
	[8]	cceejsse001-hstead.esm
	[FE:15]	ccqdrsse002-firewood.esl
	[FE:16]	ccbgssse018-shadowrend.esl
	[FE:17]	ccbgssse035-petnhound.esl
	[FE:18]	ccfsvsse001-backpacks.esl
	[FE:19]	cceejsse002-tower.esl
	[FE:20]	ccedhsse001-norjewel.esl
	[FE:21]	ccvsvsse002-pets.esl
	[FE:22]	ccBGSSSE037-Curios.esl
	[FE:23]	ccbgssse034-mntuni.esl
	[FE:24]	ccbgssse045-hasedoki.esl
	[FE:25]	ccbgssse008-wraithguard.esl
	[FE:26]	ccbgssse036-petbwolf.esl
	[FE:27]	ccffbsse001-imperialdragon.esl
	[FE:28]	ccmtysse002-ve.esl
	[FE:29]	ccbgssse043-crosselv.esl
	[FE:30]	ccvsvsse001-winter.esl
	[FE:31]	cceejsse003-hollow.esl
	[9]	ccbgssse016-umbra.esm
	[10]	ccbgssse031-advcyrus.esm
	[FE:32]	ccbgssse038-bowofshadows.esl
	[FE:33]	ccbgssse040-advobgobs.esl
	[FE:34]	ccbgssse050-ba_daedric.esl
	[FE:35]	ccbgssse052-ba_iron.esl
	[FE:36]	ccbgssse054-ba_orcish.esl
	[FE:37]	ccbgssse058-ba_steel.esl
	[FE:38]	ccbgssse059-ba_dragonplate.esl
	[FE:39]	ccbgssse061-ba_dwarven.esl
	[FE:40]	ccpewsse002-armsofchaos.esl
	[FE:41]	ccbgssse041-netchleather.esl
	[FE:42]	ccedhsse002-splkntset.esl
	[FE:43]	ccbgssse064-ba_elven.esl
	[FE:44]	ccbgssse063-ba_ebony.esl
	[FE:45]	ccbgssse062-ba_dwarvenmail.esl
	[FE:46]	ccbgssse060-ba_dragonscale.esl
	[FE:47]	ccbgssse056-ba_silver.esl
	[FE:48]	ccbgssse055-ba_orcishscaled.esl
	[FE:49]	ccbgssse053-ba_leather.esl
	[FE:50]	ccbgssse051-ba_daedricmail.esl
	[FE:51]	ccbgssse057-ba_stalhrim.esl
	[FE:52]	ccbgssse066-staves.esl
	[11]	ccbgssse067-daedinv.esm
	[FE:53]	ccbgssse068-bloodfall.esl
	[FE:54]	ccbgssse069-contest.esl
	[FE:55]	ccvsvsse003-necroarts.esl
	[FE:56]	ccvsvsse004-beafarmer.esl
	[12]	ccBGSSSE025-AdvDSGS.esm
	[FE:57]	ccffbsse002-crossbowpack.esl
	[FE:58]	ccbgssse013-dawnfang.esl
	[FE:59]	ccrmssse001-necrohouse.esl
	[FE:60]	ccedhsse003-redguard.esl
	[FE:61]	cceejsse004-hall.esl
	[13]	cceejsse005-cave.esm
	[FE:62]	cckrtsse001_altar.esl
	[FE:63]	cccbhsse001-gaunt.esl
	[14]	ccafdsse001-dwesanctuary.esm
	[15]	Unofficial Skyrim Special Edition Patch.esp
	[16]	Lanterns Of Skyrim - All In One - Main.esm
	[17]	MajesticMountains_Landscape.esm
	[18]	Unique Flowers & Plants.esm
	[19]	RealisticWaterTwo - Resources.esm
	[20]	SkyUI_SE.esp
	[21]	SMIM-SE-Merged-All.esp
	[22]	Blowing in the Wind SSE.esp
	[23]	NAT.esp
	[24]	ELFX - Exteriors.esp
	[25]	Blowing in the Wind - ELFX Exteriors Patch SSE.esp
	[26]	Kridla_Mec_Swords.esp
	[27]	UIExtensions.esp
	[28]	AddItemMenuSE.esp
	[29]	EnhancedLightsandFX.esp
	[30]	Enhanced Landscapes.esp
	[31]	CollegeOfWinterholdImmersive.esp
	[32]	immersive roads.esp
	[33]	JKs Skyrim.esp
	[34]	morthal.esp
	[35]	JK's Skyrim - Morthal II Patch.esp
	[36]	Windhelm Exterior Altered.esp
	[FE:64]	Particle Patch for ENB.esp
	[37]	Settlements Expanded SE.esp
	[38]	Snowy AF Windhelm.esp
	[39]	Morning Fogs SSE.esp
	[40]	EmbersHD.esp
	[41]	LeafeatersWhiterunTreeOverhaul-JK.esp
	[42]	LIAT - NPCs.esp
	[43]	dD - Enhanced Blood Main.esp
	[44]	DustEffectsSSE.esp
	[45]	SkyrimIsWindy.esp
	[46]	Enhanced Vanilla Trees SSE.esp
	[47]	JKs Whiterun exterior.esp
	[48]	JK's SkyHaven Forge.esp
	[FE:65]	JKs Skyrim_Snowy AF Windhelm_Patch.esp
	[FE:66]	MajesticMountains.esp
	[49]	NorthernGrass.esp
	[50]	RUSTIC SOULGEMS - Sorted.esp
	[51]	WondersofWeather.esp
	[52]	RealisticWaterTwo.esp
	PLGN Saved
	- empty!
	INTV Saved
	- empty!
	FLOV Saved
	- empty!
	STRV Saved
	- empty!
	FORV Saved
	- empty!
	INTL Saved
	- empty!
	FLOL Saved
	- empty!
	STRL Saved
	- empty!
	FORL Saved
	- empty!
	PKGO Saved
JSON SaveFiles - Done
	External JSON Saved
Save Done!

Storage Saving...
Saving plugin list:
	[0]	Skyrim.esm
	[1]	Update.esm
	[2]	Dawnguard.esm
	[3]	HearthFires.esm
	[4]	Dragonborn.esm
	[5]	ccasvsse001-almsivi.esm
	[6]	ccBGSSSE001-Fish.esm
	[FE:0]	ccbgssse002-exoticarrows.esl
	[FE:1]	ccbgssse003-zombies.esl
	[FE:2]	ccbgssse004-ruinsedge.esl
	[FE:3]	ccbgssse005-goldbrand.esl
	[FE:4]	ccbgssse006-stendarshammer.esl
	[FE:5]	ccbgssse007-chrysamere.esl
	[FE:6]	ccbgssse010-petdwarvenarmoredmudcrab.esl
	[FE:7]	ccbgssse011-hrsarmrelvn.esl
	[FE:8]	ccbgssse012-hrsarmrstl.esl
	[FE:9]	ccbgssse014-spellpack01.esl
	[FE:10]	ccbgssse019-staffofsheogorath.esl
	[FE:11]	ccbgssse020-graycowl.esl
	[FE:12]	ccbgssse021-lordsmail.esl
	[FE:13]	ccmtysse001-knightsofthenine.esl
	[FE:14]	ccQDRSSE001-SurvivalMode.esl
	[7]	cctwbsse001-puzzledungeon.esm
	[8]	cceejsse001-hstead.esm
	[FE:15]	ccqdrsse002-firewood.esl
	[FE:16]	ccbgssse018-shadowrend.esl
	[FE:17]	ccbgssse035-petnhound.esl
	[FE:18]	ccfsvsse001-backpacks.esl
	[FE:19]	cceejsse002-tower.esl
	[FE:20]	ccedhsse001-norjewel.esl
	[FE:21]	ccvsvsse002-pets.esl
	[FE:22]	ccBGSSSE037-Curios.esl
	[FE:23]	ccbgssse034-mntuni.esl
	[FE:24]	ccbgssse045-hasedoki.esl
	[FE:25]	ccbgssse008-wraithguard.esl
	[FE:26]	ccbgssse036-petbwolf.esl
	[FE:27]	ccffbsse001-imperialdragon.esl
	[FE:28]	ccmtysse002-ve.esl
	[FE:29]	ccbgssse043-crosselv.esl
	[FE:30]	ccvsvsse001-winter.esl
	[FE:31]	cceejsse003-hollow.esl
	[9]	ccbgssse016-umbra.esm
	[10]	ccbgssse031-advcyrus.esm
	[FE:32]	ccbgssse038-bowofshadows.esl
	[FE:33]	ccbgssse040-advobgobs.esl
	[FE:34]	ccbgssse050-ba_daedric.esl
	[FE:35]	ccbgssse052-ba_iron.esl
	[FE:36]	ccbgssse054-ba_orcish.esl
	[FE:37]	ccbgssse058-ba_steel.esl
	[FE:38]	ccbgssse059-ba_dragonplate.esl
	[FE:39]	ccbgssse061-ba_dwarven.esl
	[FE:40]	ccpewsse002-armsofchaos.esl
	[FE:41]	ccbgssse041-netchleather.esl
	[FE:42]	ccedhsse002-splkntset.esl
	[FE:43]	ccbgssse064-ba_elven.esl
	[FE:44]	ccbgssse063-ba_ebony.esl
	[FE:45]	ccbgssse062-ba_dwarvenmail.esl
	[FE:46]	ccbgssse060-ba_dragonscale.esl
	[FE:47]	ccbgssse056-ba_silver.esl
	[FE:48]	ccbgssse055-ba_orcishscaled.esl
	[FE:49]	ccbgssse053-ba_leather.esl
	[FE:50]	ccbgssse051-ba_daedricmail.esl
	[FE:51]	ccbgssse057-ba_stalhrim.esl
	[FE:52]	ccbgssse066-staves.esl
	[11]	ccbgssse067-daedinv.esm
	[FE:53]	ccbgssse068-bloodfall.esl
	[FE:54]	ccbgssse069-contest.esl
	[FE:55]	ccvsvsse003-necroarts.esl
	[FE:56]	ccvsvsse004-beafarmer.esl
	[12]	ccBGSSSE025-AdvDSGS.esm
	[FE:57]	ccffbsse002-crossbowpack.esl
	[FE:58]	ccbgssse013-dawnfang.esl
	[FE:59]	ccrmssse001-necrohouse.esl
	[FE:60]	ccedhsse003-redguard.esl
	[FE:61]	cceejsse004-hall.esl
	[13]	cceejsse005-cave.esm
	[FE:62]	cckrtsse001_altar.esl
	[FE:63]	cccbhsse001-gaunt.esl
	[14]	ccafdsse001-dwesanctuary.esm
	[15]	Unofficial Skyrim Special Edition Patch.esp
	[16]	Lanterns Of Skyrim - All In One - Main.esm
	[17]	MajesticMountains_Landscape.esm
	[18]	Unique Flowers & Plants.esm
	[19]	RealisticWaterTwo - Resources.esm
	[20]	SkyUI_SE.esp
	[21]	SMIM-SE-Merged-All.esp
	[22]	Blowing in the Wind SSE.esp
	[23]	NAT.esp
	[24]	ELFX - Exteriors.esp
	[25]	Blowing in the Wind - ELFX Exteriors Patch SSE.esp
	[26]	Kridla_Mec_Swords.esp
	[27]	UIExtensions.esp
	[28]	AddItemMenuSE.esp
	[29]	EnhancedLightsandFX.esp
	[30]	Enhanced Landscapes.esp
	[31]	CollegeOfWinterholdImmersive.esp
	[32]	immersive roads.esp
	[33]	JKs Skyrim.esp
	[34]	morthal.esp
	[35]	JK's Skyrim - Morthal II Patch.esp
	[36]	Windhelm Exterior Altered.esp
	[FE:64]	Particle Patch for ENB.esp
	[37]	Settlements Expanded SE.esp
	[38]	Snowy AF Windhelm.esp
	[39]	Morning Fogs SSE.esp
	[40]	EmbersHD.esp
	[41]	LeafeatersWhiterunTreeOverhaul-JK.esp
	[42]	LIAT - NPCs.esp
	[43]	dD - Enhanced Blood Main.esp
	[44]	DustEffectsSSE.esp
	[45]	SkyrimIsWindy.esp
	[46]	Enhanced Vanilla Trees SSE.esp
	[47]	JKs Whiterun exterior.esp
	[48]	JK's SkyHaven Forge.esp
	[FE:65]	JKs Skyrim_Snowy AF Windhelm_Patch.esp
	[FE:66]	MajesticMountains.esp
	[49]	NorthernGrass.esp
	[50]	RUSTIC SOULGEMS - Sorted.esp
	[51]	WondersofWeather.esp
	[52]	RealisticWaterTwo.esp
	PLGN Saved
	- empty!
	INTV Saved
	- empty!
	FLOV Saved
	- empty!
	STRV Saved
	- empty!
	FORV Saved
	- empty!
	INTL Saved
	- empty!
	FLOL Saved
	- empty!
	STRL Saved
	- empty!
	FORL Saved
	- empty!
	PKGO Saved
JSON SaveFiles - Done
	External JSON Saved
Save Done!

Storage Saving...
Saving plugin list:
	[0]	Skyrim.esm
	[1]	Update.esm
	[2]	Dawnguard.esm
	[3]	HearthFires.esm
	[4]	Dragonborn.esm
	[5]	ccasvsse001-almsivi.esm
	[6]	ccBGSSSE001-Fish.esm
	[FE:0]	ccbgssse002-exoticarrows.esl
	[FE:1]	ccbgssse003-zombies.esl
	[FE:2]	ccbgssse004-ruinsedge.esl
	[FE:3]	ccbgssse005-goldbrand.esl
	[FE:4]	ccbgssse006-stendarshammer.esl
	[FE:5]	ccbgssse007-chrysamere.esl
	[FE:6]	ccbgssse010-petdwarvenarmoredmudcrab.esl
	[FE:7]	ccbgssse011-hrsarmrelvn.esl
	[FE:8]	ccbgssse012-hrsarmrstl.esl
	[FE:9]	ccbgssse014-spellpack01.esl
	[FE:10]	ccbgssse019-staffofsheogorath.esl
	[FE:11]	ccbgssse020-graycowl.esl
	[FE:12]	ccbgssse021-lordsmail.esl
	[FE:13]	ccmtysse001-knightsofthenine.esl
	[FE:14]	ccQDRSSE001-SurvivalMode.esl
	[7]	cctwbsse001-puzzledungeon.esm
	[8]	cceejsse001-hstead.esm
	[FE:15]	ccqdrsse002-firewood.esl
	[FE:16]	ccbgssse018-shadowrend.esl
	[FE:17]	ccbgssse035-petnhound.esl
	[FE:18]	ccfsvsse001-backpacks.esl
	[FE:19]	cceejsse002-tower.esl
	[FE:20]	ccedhsse001-norjewel.esl
	[FE:21]	ccvsvsse002-pets.esl
	[FE:22]	ccBGSSSE037-Curios.esl
	[FE:23]	ccbgssse034-mntuni.esl
	[FE:24]	ccbgssse045-hasedoki.esl
	[FE:25]	ccbgssse008-wraithguard.esl
	[FE:26]	ccbgssse036-petbwolf.esl
	[FE:27]	ccffbsse001-imperialdragon.esl
	[FE:28]	ccmtysse002-ve.esl
	[FE:29]	ccbgssse043-crosselv.esl
	[FE:30]	ccvsvsse001-winter.esl
	[FE:31]	cceejsse003-hollow.esl
	[9]	ccbgssse016-umbra.esm
	[10]	ccbgssse031-advcyrus.esm
	[FE:32]	ccbgssse038-bowofshadows.esl
	[FE:33]	ccbgssse040-advobgobs.esl
	[FE:34]	ccbgssse050-ba_daedric.esl
	[FE:35]	ccbgssse052-ba_iron.esl
	[FE:36]	ccbgssse054-ba_orcish.esl
	[FE:37]	ccbgssse058-ba_steel.esl
	[FE:38]	ccbgssse059-ba_dragonplate.esl
	[FE:39]	ccbgssse061-ba_dwarven.esl
	[FE:40]	ccpewsse002-armsofchaos.esl
	[FE:41]	ccbgssse041-netchleather.esl
	[FE:42]	ccedhsse002-splkntset.esl
	[FE:43]	ccbgssse064-ba_elven.esl
	[FE:44]	ccbgssse063-ba_ebony.esl
	[FE:45]	ccbgssse062-ba_dwarvenmail.esl
	[FE:46]	ccbgssse060-ba_dragonscale.esl
	[FE:47]	ccbgssse056-ba_silver.esl
	[FE:48]	ccbgssse055-ba_orcishscaled.esl
	[FE:49]	ccbgssse053-ba_leather.esl
	[FE:50]	ccbgssse051-ba_daedricmail.esl
	[FE:51]	ccbgssse057-ba_stalhrim.esl
	[FE:52]	ccbgssse066-staves.esl
	[11]	ccbgssse067-daedinv.esm
	[FE:53]	ccbgssse068-bloodfall.esl
	[FE:54]	ccbgssse069-contest.esl
	[FE:55]	ccvsvsse003-necroarts.esl
	[FE:56]	ccvsvsse004-beafarmer.esl
	[12]	ccBGSSSE025-AdvDSGS.esm
	[FE:57]	ccffbsse002-crossbowpack.esl
	[FE:58]	ccbgssse013-dawnfang.esl
	[FE:59]	ccrmssse001-necrohouse.esl
	[FE:60]	ccedhsse003-redguard.esl
	[FE:61]	cceejsse004-hall.esl
	[13]	cceejsse005-cave.esm
	[FE:62]	cckrtsse001_altar.esl
	[FE:63]	cccbhsse001-gaunt.esl
	[14]	ccafdsse001-dwesanctuary.esm
	[15]	Unofficial Skyrim Special Edition Patch.esp
	[16]	Lanterns Of Skyrim - All In One - Main.esm
	[17]	MajesticMountains_Landscape.esm
	[18]	Unique Flowers & Plants.esm
	[19]	RealisticWaterTwo - Resources.esm
	[20]	SkyUI_SE.esp
	[21]	SMIM-SE-Merged-All.esp
	[22]	Blowing in the Wind SSE.esp
	[23]	NAT.esp
	[24]	ELFX - Exteriors.esp
	[25]	Blowing in the Wind - ELFX Exteriors Patch SSE.esp
	[26]	Kridla_Mec_Swords.esp
	[27]	UIExtensions.esp
	[28]	AddItemMenuSE.esp
	[29]	EnhancedLightsandFX.esp
	[30]	Enhanced Landscapes.esp
	[31]	CollegeOfWinterholdImmersive.esp
	[32]	immersive roads.esp
	[33]	JKs Skyrim.esp
	[34]	morthal.esp
	[35]	JK's Skyrim - Morthal II Patch.esp
	[36]	Windhelm Exterior Altered.esp
	[FE:64]	Particle Patch for ENB.esp
	[37]	Settlements Expanded SE.esp
	[38]	Snowy AF Windhelm.esp
	[39]	Morning Fogs SSE.esp
	[40]	EmbersHD.esp
	[41]	LeafeatersWhiterunTreeOverhaul-JK.esp
	[42]	LIAT - NPCs.esp
	[43]	dD - Enhanced Blood Main.esp
	[44]	DustEffectsSSE.esp
	[45]	SkyrimIsWindy.esp
	[46]	Enhanced Vanilla Trees SSE.esp
	[47]	JKs Whiterun exterior.esp
	[48]	JK's SkyHaven Forge.esp
	[FE:65]	JKs Skyrim_Snowy AF Windhelm_Patch.esp
	[FE:66]	MajesticMountains.esp
	[49]	NorthernGrass.esp
	[50]	RUSTIC SOULGEMS - Sorted.esp
	[51]	WondersofWeather.esp
	[52]	RealisticWaterTwo.esp
	PLGN Saved
	- empty!
	INTV Saved
	- empty!
	FLOV Saved
	- empty!
	STRV Saved
	- empty!
	FORV Saved
	- empty!
	INTL Saved
	- empty!
	FLOL Saved
	- empty!
	STRL Saved
	- empty!
	FORL Saved
	- empty!
	PKGO Saved
JSON SaveFiles - Done
	External JSON Saved
Save Done!

Storage Saving...
Saving plugin list:
	[0]	Skyrim.esm
	[1]	Update.esm
	[2]	Dawnguard.esm
	[3]	HearthFires.esm
	[4]	Dragonborn.esm
	[5]	ccasvsse001-almsivi.esm
	[6]	ccBGSSSE001-Fish.esm
	[FE:0]	ccbgssse002-exoticarrows.esl
	[FE:1]	ccbgssse003-zombies.esl
	[FE:2]	ccbgssse004-ruinsedge.esl
	[FE:3]	ccbgssse005-goldbrand.esl
	[FE:4]	ccbgssse006-stendarshammer.esl
	[FE:5]	ccbgssse007-chrysamere.esl
	[FE:6]	ccbgssse010-petdwarvenarmoredmudcrab.esl
	[FE:7]	ccbgssse011-hrsarmrelvn.esl
	[FE:8]	ccbgssse012-hrsarmrstl.esl
	[FE:9]	ccbgssse014-spellpack01.esl
	[FE:10]	ccbgssse019-staffofsheogorath.esl
	[FE:11]	ccbgssse020-graycowl.esl
	[FE:12]	ccbgssse021-lordsmail.esl
	[FE:13]	ccmtysse001-knightsofthenine.esl
	[FE:14]	ccQDRSSE001-SurvivalMode.esl
	[7]	cctwbsse001-puzzledungeon.esm
	[8]	cceejsse001-hstead.esm
	[FE:15]	ccqdrsse002-firewood.esl
	[FE:16]	ccbgssse018-shadowrend.esl
	[FE:17]	ccbgssse035-petnhound.esl
	[FE:18]	ccfsvsse001-backpacks.esl
	[FE:19]	cceejsse002-tower.esl
	[FE:20]	ccedhsse001-norjewel.esl
	[FE:21]	ccvsvsse002-pets.esl
	[FE:22]	ccBGSSSE037-Curios.esl
	[FE:23]	ccbgssse034-mntuni.esl
	[FE:24]	ccbgssse045-hasedoki.esl
	[FE:25]	ccbgssse008-wraithguard.esl
	[FE:26]	ccbgssse036-petbwolf.esl
	[FE:27]	ccffbsse001-imperialdragon.esl
	[FE:28]	ccmtysse002-ve.esl
	[FE:29]	ccbgssse043-crosselv.esl
	[FE:30]	ccvsvsse001-winter.esl
	[FE:31]	cceejsse003-hollow.esl
	[9]	ccbgssse016-umbra.esm
	[10]	ccbgssse031-advcyrus.esm
	[FE:32]	ccbgssse038-bowofshadows.esl
	[FE:33]	ccbgssse040-advobgobs.esl
	[FE:34]	ccbgssse050-ba_daedric.esl
	[FE:35]	ccbgssse052-ba_iron.esl
	[FE:36]	ccbgssse054-ba_orcish.esl
	[FE:37]	ccbgssse058-ba_steel.esl
	[FE:38]	ccbgssse059-ba_dragonplate.esl
	[FE:39]	ccbgssse061-ba_dwarven.esl
	[FE:40]	ccpewsse002-armsofchaos.esl
	[FE:41]	ccbgssse041-netchleather.esl
	[FE:42]	ccedhsse002-splkntset.esl
	[FE:43]	ccbgssse064-ba_elven.esl
	[FE:44]	ccbgssse063-ba_ebony.esl
	[FE:45]	ccbgssse062-ba_dwarvenmail.esl
	[FE:46]	ccbgssse060-ba_dragonscale.esl
	[FE:47]	ccbgssse056-ba_silver.esl
	[FE:48]	ccbgssse055-ba_orcishscaled.esl
	[FE:49]	ccbgssse053-ba_leather.esl
	[FE:50]	ccbgssse051-ba_daedricmail.esl
	[FE:51]	ccbgssse057-ba_stalhrim.esl
	[FE:52]	ccbgssse066-staves.esl
	[11]	ccbgssse067-daedinv.esm
	[FE:53]	ccbgssse068-bloodfall.esl
	[FE:54]	ccbgssse069-contest.esl
	[FE:55]	ccvsvsse003-necroarts.esl
	[FE:56]	ccvsvsse004-beafarmer.esl
	[12]	ccBGSSSE025-AdvDSGS.esm
	[FE:57]	ccffbsse002-crossbowpack.esl
	[FE:58]	ccbgssse013-dawnfang.esl
	[FE:59]	ccrmssse001-necrohouse.esl
	[FE:60]	ccedhsse003-redguard.esl
	[FE:61]	cceejsse004-hall.esl
	[13]	cceejsse005-cave.esm
	[FE:62]	cckrtsse001_altar.esl
	[FE:63]	cccbhsse001-gaunt.esl
	[14]	ccafdsse001-dwesanctuary.esm
	[15]	Unofficial Skyrim Special Edition Patch.esp
	[16]	Lanterns Of Skyrim - All In One - Main.esm
	[17]	MajesticMountains_Landscape.esm
	[18]	Unique Flowers & Plants.esm
	[19]	RealisticWaterTwo - Resources.esm
	[20]	SkyUI_SE.esp
	[21]	SMIM-SE-Merged-All.esp
	[22]	Blowing in the Wind SSE.esp
	[23]	NAT.esp
	[24]	ELFX - Exteriors.esp
	[25]	Blowing in the Wind - ELFX Exteriors Patch SSE.esp
	[26]	Kridla_Mec_Swords.esp
	[27]	UIExtensions.esp
	[28]	AddItemMenuSE.esp
	[29]	EnhancedLightsandFX.esp
	[30]	Enhanced Landscapes.esp
	[31]	CollegeOfWinterholdImmersive.esp
	[32]	immersive roads.esp
	[33]	JKs Skyrim.esp
	[34]	morthal.esp
	[35]	JK's Skyrim - Morthal II Patch.esp
	[36]	Windhelm Exterior Altered.esp
	[FE:64]	Particle Patch for ENB.esp
	[37]	Settlements Expanded SE.esp
	[38]	Snowy AF Windhelm.esp
	[39]	Morning Fogs SSE.esp
	[40]	EmbersHD.esp
	[41]	LeafeatersWhiterunTreeOverhaul-JK.esp
	[42]	LIAT - NPCs.esp
	[43]	dD - Enhanced Blood Main.esp
	[44]	DustEffectsSSE.esp
	[45]	SkyrimIsWindy.esp
	[46]	Enhanced Vanilla Trees SSE.esp
	[47]	JKs Whiterun exterior.esp
	[48]	JK's SkyHaven Forge.esp
	[FE:65]	JKs Skyrim_Snowy AF Windhelm_Patch.esp
	[FE:66]	MajesticMountains.esp
	[49]	NorthernGrass.esp
	[50]	RUSTIC SOULGEMS - Sorted.esp
	[51]	WondersofWeather.esp
	[52]	RealisticWaterTwo.esp
	PLGN Saved
	- empty!
	INTV Saved
	- empty!
	FLOV Saved
	- empty!
	STRV Saved
	- empty!
	FORV Saved
	- empty!
	INTL Saved
	- empty!
	FLOL Saved
	- empty!
	STRL Saved
	- empty!
	FORL Saved
	- empty!
	PKGO Saved
JSON SaveFiles - Done
	External JSON Saved
Save Done!

Storage Saving...
Saving plugin list:
	[0]	Skyrim.esm
	[1]	Update.esm
	[2]	Dawnguard.esm
	[3]	HearthFires.esm
	[4]	Dragonborn.esm
	[5]	ccasvsse001-almsivi.esm
	[6]	ccBGSSSE001-Fish.esm
	[FE:0]	ccbgssse002-exoticarrows.esl
	[FE:1]	ccbgssse003-zombies.esl
	[FE:2]	ccbgssse004-ruinsedge.esl
	[FE:3]	ccbgssse005-goldbrand.esl
	[FE:4]	ccbgssse006-stendarshammer.esl
	[FE:5]	ccbgssse007-chrysamere.esl
	[FE:6]	ccbgssse010-petdwarvenarmoredmudcrab.esl
	[FE:7]	ccbgssse011-hrsarmrelvn.esl
	[FE:8]	ccbgssse012-hrsarmrstl.esl
	[FE:9]	ccbgssse014-spellpack01.esl
	[FE:10]	ccbgssse019-staffofsheogorath.esl
	[FE:11]	ccbgssse020-graycowl.esl
	[FE:12]	ccbgssse021-lordsmail.esl
	[FE:13]	ccmtysse001-knightsofthenine.esl
	[FE:14]	ccQDRSSE001-SurvivalMode.esl
	[7]	cctwbsse001-puzzledungeon.esm
	[8]	cceejsse001-hstead.esm
	[FE:15]	ccqdrsse002-firewood.esl
	[FE:16]	ccbgssse018-shadowrend.esl
	[FE:17]	ccbgssse035-petnhound.esl
	[FE:18]	ccfsvsse001-backpacks.esl
	[FE:19]	cceejsse002-tower.esl
	[FE:20]	ccedhsse001-norjewel.esl
	[FE:21]	ccvsvsse002-pets.esl
	[FE:22]	ccBGSSSE037-Curios.esl
	[FE:23]	ccbgssse034-mntuni.esl
	[FE:24]	ccbgssse045-hasedoki.esl
	[FE:25]	ccbgssse008-wraithguard.esl
	[FE:26]	ccbgssse036-petbwolf.esl
	[FE:27]	ccffbsse001-imperialdragon.esl
	[FE:28]	ccmtysse002-ve.esl
	[FE:29]	ccbgssse043-crosselv.esl
	[FE:30]	ccvsvsse001-winter.esl
	[FE:31]	cceejsse003-hollow.esl
	[9]	ccbgssse016-umbra.esm
	[10]	ccbgssse031-advcyrus.esm
	[FE:32]	ccbgssse038-bowofshadows.esl
	[FE:33]	ccbgssse040-advobgobs.esl
	[FE:34]	ccbgssse050-ba_daedric.esl
	[FE:35]	ccbgssse052-ba_iron.esl
	[FE:36]	ccbgssse054-ba_orcish.esl
	[FE:37]	ccbgssse058-ba_steel.esl
	[FE:38]	ccbgssse059-ba_dragonplate.esl
	[FE:39]	ccbgssse061-ba_dwarven.esl
	[FE:40]	ccpewsse002-armsofchaos.esl
	[FE:41]	ccbgssse041-netchleather.esl
	[FE:42]	ccedhsse002-splkntset.esl
	[FE:43]	ccbgssse064-ba_elven.esl
	[FE:44]	ccbgssse063-ba_ebony.esl
	[FE:45]	ccbgssse062-ba_dwarvenmail.esl
	[FE:46]	ccbgssse060-ba_dragonscale.esl
	[FE:47]	ccbgssse056-ba_silver.esl
	[FE:48]	ccbgssse055-ba_orcishscaled.esl
	[FE:49]	ccbgssse053-ba_leather.esl
	[FE:50]	ccbgssse051-ba_daedricmail.esl
	[FE:51]	ccbgssse057-ba_stalhrim.esl
	[FE:52]	ccbgssse066-staves.esl
	[11]	ccbgssse067-daedinv.esm
	[FE:53]	ccbgssse068-bloodfall.esl
	[FE:54]	ccbgssse069-contest.esl
	[FE:55]	ccvsvsse003-necroarts.esl
	[FE:56]	ccvsvsse004-beafarmer.esl
	[12]	ccBGSSSE025-AdvDSGS.esm
	[FE:57]	ccffbsse002-crossbowpack.esl
	[FE:58]	ccbgssse013-dawnfang.esl
	[FE:59]	ccrmssse001-necrohouse.esl
	[FE:60]	ccedhsse003-redguard.esl
	[FE:61]	cceejsse004-hall.esl
	[13]	cceejsse005-cave.esm
	[FE:62]	cckrtsse001_altar.esl
	[FE:63]	cccbhsse001-gaunt.esl
	[14]	ccafdsse001-dwesanctuary.esm
	[15]	Unofficial Skyrim Special Edition Patch.esp
	[16]	Lanterns Of Skyrim - All In One - Main.esm
	[17]	MajesticMountains_Landscape.esm
	[18]	Unique Flowers & Plants.esm
	[19]	RealisticWaterTwo - Resources.esm
	[20]	SkyUI_SE.esp
	[21]	SMIM-SE-Merged-All.esp
	[22]	Blowing in the Wind SSE.esp
	[23]	NAT.esp
	[24]	ELFX - Exteriors.esp
	[25]	Blowing in the Wind - ELFX Exteriors Patch SSE.esp
	[26]	Kridla_Mec_Swords.esp
	[27]	UIExtensions.esp
	[28]	AddItemMenuSE.esp
	[29]	EnhancedLightsandFX.esp
	[30]	Enhanced Landscapes.esp
	[31]	CollegeOfWinterholdImmersive.esp
	[32]	immersive roads.esp
	[33]	JKs Skyrim.esp
	[34]	morthal.esp
	[35]	JK's Skyrim - Morthal II Patch.esp
	[36]	Windhelm Exterior Altered.esp
	[FE:64]	Particle Patch for ENB.esp
	[37]	Settlements Expanded SE.esp
	[38]	Snowy AF Windhelm.esp
	[39]	Morning Fogs SSE.esp
	[40]	EmbersHD.esp
	[41]	LeafeatersWhiterunTreeOverhaul-JK.esp
	[42]	LIAT - NPCs.esp
	[43]	dD - Enhanced Blood Main.esp
	[44]	DustEffectsSSE.esp
	[45]	SkyrimIsWindy.esp
	[46]	Enhanced Vanilla Trees SSE.esp
	[47]	JKs Whiterun exterior.esp
	[48]	JK's SkyHaven Forge.esp
	[FE:65]	JKs Skyrim_Snowy AF Windhelm_Patch.esp
	[FE:66]	MajesticMountains.esp
	[49]	NorthernGrass.esp
	[50]	RUSTIC SOULGEMS - Sorted.esp
	[51]	WondersofWeather.esp
	[52]	RealisticWaterTwo.esp
	PLGN Saved
	- empty!
	INTV Saved
	- empty!
	FLOV Saved
	- empty!
	STRV Saved
	- empty!
	FORV Saved
	- empty!
	INTL Saved
	- empty!
	FLOL Saved
	- empty!
	STRL Saved
	- empty!
	FORL Saved
	- empty!
	PKGO Saved
JSON SaveFiles - Done
	External JSON Saved
Save Done!

Storage Saving...
Saving plugin list:
	[0]	Skyrim.esm
	[1]	Update.esm
	[2]	Dawnguard.esm
	[3]	HearthFires.esm
	[4]	Dragonborn.esm
	[5]	ccasvsse001-almsivi.esm
	[6]	ccBGSSSE001-Fish.esm
	[FE:0]	ccbgssse002-exoticarrows.esl
	[FE:1]	ccbgssse003-zombies.esl
	[FE:2]	ccbgssse004-ruinsedge.esl
	[FE:3]	ccbgssse005-goldbrand.esl
	[FE:4]	ccbgssse006-stendarshammer.esl
	[FE:5]	ccbgssse007-chrysamere.esl
	[FE:6]	ccbgssse010-petdwarvenarmoredmudcrab.esl
	[FE:7]	ccbgssse011-hrsarmrelvn.esl
	[FE:8]	ccbgssse012-hrsarmrstl.esl
	[FE:9]	ccbgssse014-spellpack01.esl
	[FE:10]	ccbgssse019-staffofsheogorath.esl
	[FE:11]	ccbgssse020-graycowl.esl
	[FE:12]	ccbgssse021-lordsmail.esl
	[FE:13]	ccmtysse001-knightsofthenine.esl
	[FE:14]	ccQDRSSE001-SurvivalMode.esl
	[7]	cctwbsse001-puzzledungeon.esm
	[8]	cceejsse001-hstead.esm
	[FE:15]	ccqdrsse002-firewood.esl
	[FE:16]	ccbgssse018-shadowrend.esl
	[FE:17]	ccbgssse035-petnhound.esl
	[FE:18]	ccfsvsse001-backpacks.esl
	[FE:19]	cceejsse002-tower.esl
	[FE:20]	ccedhsse001-norjewel.esl
	[FE:21]	ccvsvsse002-pets.esl
	[FE:22]	ccBGSSSE037-Curios.esl
	[FE:23]	ccbgssse034-mntuni.esl
	[FE:24]	ccbgssse045-hasedoki.esl
	[FE:25]	ccbgssse008-wraithguard.esl
	[FE:26]	ccbgssse036-petbwolf.esl
	[FE:27]	ccffbsse001-imperialdragon.esl
	[FE:28]	ccmtysse002-ve.esl
	[FE:29]	ccbgssse043-crosselv.esl
	[FE:30]	ccvsvsse001-winter.esl
	[FE:31]	cceejsse003-hollow.esl
	[9]	ccbgssse016-umbra.esm
	[10]	ccbgssse031-advcyrus.esm
	[FE:32]	ccbgssse038-bowofshadows.esl
	[FE:33]	ccbgssse040-advobgobs.esl
	[FE:34]	ccbgssse050-ba_daedric.esl
	[FE:35]	ccbgssse052-ba_iron.esl
	[FE:36]	ccbgssse054-ba_orcish.esl
	[FE:37]	ccbgssse058-ba_steel.esl
	[FE:38]	ccbgssse059-ba_dragonplate.esl
	[FE:39]	ccbgssse061-ba_dwarven.esl
	[FE:40]	ccpewsse002-armsofchaos.esl
	[FE:41]	ccbgssse041-netchleather.esl
	[FE:42]	ccedhsse002-splkntset.esl
	[FE:43]	ccbgssse064-ba_elven.esl
	[FE:44]	ccbgssse063-ba_ebony.esl
	[FE:45]	ccbgssse062-ba_dwarvenmail.esl
	[FE:46]	ccbgssse060-ba_dragonscale.esl
	[FE:47]	ccbgssse056-ba_silver.esl
	[FE:48]	ccbgssse055-ba_orcishscaled.esl
	[FE:49]	ccbgssse053-ba_leather.esl
	[FE:50]	ccbgssse051-ba_daedricmail.esl
	[FE:51]	ccbgssse057-ba_stalhrim.esl
	[FE:52]	ccbgssse066-staves.esl
	[11]	ccbgssse067-daedinv.esm
	[FE:53]	ccbgssse068-bloodfall.esl
	[FE:54]	ccbgssse069-contest.esl
	[FE:55]	ccvsvsse003-necroarts.esl
	[FE:56]	ccvsvsse004-beafarmer.esl
	[12]	ccBGSSSE025-AdvDSGS.esm
	[FE:57]	ccffbsse002-crossbowpack.esl
	[FE:58]	ccbgssse013-dawnfang.esl
	[FE:59]	ccrmssse001-necrohouse.esl
	[FE:60]	ccedhsse003-redguard.esl
	[FE:61]	cceejsse004-hall.esl
	[13]	cceejsse005-cave.esm
	[FE:62]	cckrtsse001_altar.esl
	[FE:63]	cccbhsse001-gaunt.esl
	[14]	ccafdsse001-dwesanctuary.esm
	[15]	Unofficial Skyrim Special Edition Patch.esp
	[16]	Lanterns Of Skyrim - All In One - Main.esm
	[17]	MajesticMountains_Landscape.esm
	[18]	Unique Flowers & Plants.esm
	[19]	RealisticWaterTwo - Resources.esm
	[20]	SkyUI_SE.esp
	[21]	SMIM-SE-Merged-All.esp
	[22]	Blowing in the Wind SSE.esp
	[23]	NAT.esp
	[24]	ELFX - Exteriors.esp
	[25]	Blowing in the Wind - ELFX Exteriors Patch SSE.esp
	[26]	Kridla_Mec_Swords.esp
	[27]	UIExtensions.esp
	[28]	AddItemMenuSE.esp
	[29]	EnhancedLightsandFX.esp
	[30]	Enhanced Landscapes.esp
	[31]	CollegeOfWinterholdImmersive.esp
	[32]	immersive roads.esp
	[33]	JKs Skyrim.esp
	[34]	morthal.esp
	[35]	JK's Skyrim - Morthal II Patch.esp
	[36]	Windhelm Exterior Altered.esp
	[FE:64]	Particle Patch for ENB.esp
	[37]	Settlements Expanded SE.esp
	[38]	Snowy AF Windhelm.esp
	[39]	Morning Fogs SSE.esp
	[40]	EmbersHD.esp
	[41]	LeafeatersWhiterunTreeOverhaul-JK.esp
	[42]	LIAT - NPCs.esp
	[43]	dD - Enhanced Blood Main.esp
	[44]	DustEffectsSSE.esp
	[45]	SkyrimIsWindy.esp
	[46]	Enhanced Vanilla Trees SSE.esp
	[47]	JKs Whiterun exterior.esp
	[48]	JK's SkyHaven Forge.esp
	[FE:65]	JKs Skyrim_Snowy AF Windhelm_Patch.esp
	[FE:66]	MajesticMountains.esp
	[49]	NorthernGrass.esp
	[50]	RUSTIC SOULGEMS - Sorted.esp
	[51]	WondersofWeather.esp
	[52]	RealisticWaterTwo.esp
	PLGN Saved
	- empty!
	INTV Saved
	- empty!
	FLOV Saved
	- empty!
	STRV Saved
	- empty!
	FORV Saved
	- empty!
	INTL Saved
	- empty!
	FLOL Saved
	- empty!
	STRL Saved
	- empty!
	FORL Saved
	- empty!
	PKGO Saved
JSON SaveFiles - Done
	External JSON Saved
Save Done!

Storage Saving...
Saving plugin list:
	[0]	Skyrim.esm
	[1]	Update.esm
	[2]	Dawnguard.esm
	[3]	HearthFires.esm
	[4]	Dragonborn.esm
	[5]	ccasvsse001-almsivi.esm
	[6]	ccBGSSSE001-Fish.esm
	[FE:0]	ccbgssse002-exoticarrows.esl
	[FE:1]	ccbgssse003-zombies.esl
	[FE:2]	ccbgssse004-ruinsedge.esl
	[FE:3]	ccbgssse005-goldbrand.esl
	[FE:4]	ccbgssse006-stendarshammer.esl
	[FE:5]	ccbgssse007-chrysamere.esl
	[FE:6]	ccbgssse010-petdwarvenarmoredmudcrab.esl
	[FE:7]	ccbgssse011-hrsarmrelvn.esl
	[FE:8]	ccbgssse012-hrsarmrstl.esl
	[FE:9]	ccbgssse014-spellpack01.esl
	[FE:10]	ccbgssse019-staffofsheogorath.esl
	[FE:11]	ccbgssse020-graycowl.esl
	[FE:12]	ccbgssse021-lordsmail.esl
	[FE:13]	ccmtysse001-knightsofthenine.esl
	[FE:14]	ccQDRSSE001-SurvivalMode.esl
	[7]	cctwbsse001-puzzledungeon.esm
	[8]	cceejsse001-hstead.esm
	[FE:15]	ccqdrsse002-firewood.esl
	[FE:16]	ccbgssse018-shadowrend.esl
	[FE:17]	ccbgssse035-petnhound.esl
	[FE:18]	ccfsvsse001-backpacks.esl
	[FE:19]	cceejsse002-tower.esl
	[FE:20]	ccedhsse001-norjewel.esl
	[FE:21]	ccvsvsse002-pets.esl
	[FE:22]	ccBGSSSE037-Curios.esl
	[FE:23]	ccbgssse034-mntuni.esl
	[FE:24]	ccbgssse045-hasedoki.esl
	[FE:25]	ccbgssse008-wraithguard.esl
	[FE:26]	ccbgssse036-petbwolf.esl
	[FE:27]	ccffbsse001-imperialdragon.esl
	[FE:28]	ccmtysse002-ve.esl
	[FE:29]	ccbgssse043-crosselv.esl
	[FE:30]	ccvsvsse001-winter.esl
	[FE:31]	cceejsse003-hollow.esl
	[9]	ccbgssse016-umbra.esm
	[10]	ccbgssse031-advcyrus.esm
	[FE:32]	ccbgssse038-bowofshadows.esl
	[FE:33]	ccbgssse040-advobgobs.esl
	[FE:34]	ccbgssse050-ba_daedric.esl
	[FE:35]	ccbgssse052-ba_iron.esl
	[FE:36]	ccbgssse054-ba_orcish.esl
	[FE:37]	ccbgssse058-ba_steel.esl
	[FE:38]	ccbgssse059-ba_dragonplate.esl
	[FE:39]	ccbgssse061-ba_dwarven.esl
	[FE:40]	ccpewsse002-armsofchaos.esl
	[FE:41]	ccbgssse041-netchleather.esl
	[FE:42]	ccedhsse002-splkntset.esl
	[FE:43]	ccbgssse064-ba_elven.esl
	[FE:44]	ccbgssse063-ba_ebony.esl
	[FE:45]	ccbgssse062-ba_dwarvenmail.esl
	[FE:46]	ccbgssse060-ba_dragonscale.esl
	[FE:47]	ccbgssse056-ba_silver.esl
	[FE:48]	ccbgssse055-ba_orcishscaled.esl
	[FE:49]	ccbgssse053-ba_leather.esl
	[FE:50]	ccbgssse051-ba_daedricmail.esl
	[FE:51]	ccbgssse057-ba_stalhrim.esl
	[FE:52]	ccbgssse066-staves.esl
	[11]	ccbgssse067-daedinv.esm
	[FE:53]	ccbgssse068-bloodfall.esl
	[FE:54]	ccbgssse069-contest.esl
	[FE:55]	ccvsvsse003-necroarts.esl
	[FE:56]	ccvsvsse004-beafarmer.esl
	[12]	ccBGSSSE025-AdvDSGS.esm
	[FE:57]	ccffbsse002-crossbowpack.esl
	[FE:58]	ccbgssse013-dawnfang.esl
	[FE:59]	ccrmssse001-necrohouse.esl
	[FE:60]	ccedhsse003-redguard.esl
	[FE:61]	cceejsse004-hall.esl
	[13]	cceejsse005-cave.esm
	[FE:62]	cckrtsse001_altar.esl
	[FE:63]	cccbhsse001-gaunt.esl
	[14]	ccafdsse001-dwesanctuary.esm
	[15]	Unofficial Skyrim Special Edition Patch.esp
	[16]	Lanterns Of Skyrim - All In One - Main.esm
	[17]	MajesticMountains_Landscape.esm
	[18]	Unique Flowers & Plants.esm
	[19]	RealisticWaterTwo - Resources.esm
	[20]	SkyUI_SE.esp
	[21]	SMIM-SE-Merged-All.esp
	[22]	Blowing in the Wind SSE.esp
	[23]	NAT.esp
	[24]	ELFX - Exteriors.esp
	[25]	Blowing in the Wind - ELFX Exteriors Patch SSE.esp
	[26]	Kridla_Mec_Swords.esp
	[27]	UIExtensions.esp
	[28]	AddItemMenuSE.esp
	[29]	EnhancedLightsandFX.esp
	[30]	Enhanced Landscapes.esp
	[31]	CollegeOfWinterholdImmersive.esp
	[32]	immersive roads.esp
	[33]	JKs Skyrim.esp
	[34]	morthal.esp
	[35]	JK's Skyrim - Morthal II Patch.esp
	[36]	Windhelm Exterior Altered.esp
	[FE:64]	Particle Patch for ENB.esp
	[37]	Settlements Expanded SE.esp
	[38]	Snowy AF Windhelm.esp
	[39]	Morning Fogs SSE.esp
	[40]	EmbersHD.esp
	[41]	LeafeatersWhiterunTreeOverhaul-JK.esp
	[42]	LIAT - NPCs.esp
	[43]	dD - Enhanced Blood Main.esp
	[44]	DustEffectsSSE.esp
	[45]	SkyrimIsWindy.esp
	[46]	Enhanced Vanilla Trees SSE.esp
	[47]	JKs Whiterun exterior.esp
	[48]	JK's SkyHaven Forge.esp
	[FE:65]	JKs Skyrim_Snowy AF Windhelm_Patch.esp
	[FE:66]	MajesticMountains.esp
	[49]	NorthernGrass.esp
	[50]	RUSTIC SOULGEMS - Sorted.esp
	[51]	WondersofWeather.esp
	[52]	RealisticWaterTwo.esp
	PLGN Saved
	- empty!
	INTV Saved
	- empty!
	FLOV Saved
	- empty!
	STRV Saved
	- empty!
	FORV Saved
	- empty!
	INTL Saved
	- empty!
	FLOL Saved
	- empty!
	STRL Saved
	- empty!
	FORL Saved
	- empty!
	PKGO Saved
JSON SaveFiles - Done
	External JSON Saved
Save Done!

Storage Saving...
Saving plugin list:
	[0]	Skyrim.esm
	[1]	Update.esm
	[2]	Dawnguard.esm
	[3]	HearthFires.esm
	[4]	Dragonborn.esm
	[5]	ccasvsse001-almsivi.esm
	[6]	ccBGSSSE001-Fish.esm
	[FE:0]	ccbgssse002-exoticarrows.esl
	[FE:1]	ccbgssse003-zombies.esl
	[FE:2]	ccbgssse004-ruinsedge.esl
	[FE:3]	ccbgssse005-goldbrand.esl
	[FE:4]	ccbgssse006-stendarshammer.esl
	[FE:5]	ccbgssse007-chrysamere.esl
	[FE:6]	ccbgssse010-petdwarvenarmoredmudcrab.esl
	[FE:7]	ccbgssse011-hrsarmrelvn.esl
	[FE:8]	ccbgssse012-hrsarmrstl.esl
	[FE:9]	ccbgssse014-spellpack01.esl
	[FE:10]	ccbgssse019-staffofsheogorath.esl
	[FE:11]	ccbgssse020-graycowl.esl
	[FE:12]	ccbgssse021-lordsmail.esl
	[FE:13]	ccmtysse001-knightsofthenine.esl
	[FE:14]	ccQDRSSE001-SurvivalMode.esl
	[7]	cctwbsse001-puzzledungeon.esm
	[8]	cceejsse001-hstead.esm
	[FE:15]	ccqdrsse002-firewood.esl
	[FE:16]	ccbgssse018-shadowrend.esl
	[FE:17]	ccbgssse035-petnhound.esl
	[FE:18]	ccfsvsse001-backpacks.esl
	[FE:19]	cceejsse002-tower.esl
	[FE:20]	ccedhsse001-norjewel.esl
	[FE:21]	ccvsvsse002-pets.esl
	[FE:22]	ccBGSSSE037-Curios.esl
	[FE:23]	ccbgssse034-mntuni.esl
	[FE:24]	ccbgssse045-hasedoki.esl
	[FE:25]	ccbgssse008-wraithguard.esl
	[FE:26]	ccbgssse036-petbwolf.esl
	[FE:27]	ccffbsse001-imperialdragon.esl
	[FE:28]	ccmtysse002-ve.esl
	[FE:29]	ccbgssse043-crosselv.esl
	[FE:30]	ccvsvsse001-winter.esl
	[FE:31]	cceejsse003-hollow.esl
	[9]	ccbgssse016-umbra.esm
	[10]	ccbgssse031-advcyrus.esm
	[FE:32]	ccbgssse038-bowofshadows.esl
	[FE:33]	ccbgssse040-advobgobs.esl
	[FE:34]	ccbgssse050-ba_daedric.esl
	[FE:35]	ccbgssse052-ba_iron.esl
	[FE:36]	ccbgssse054-ba_orcish.esl
	[FE:37]	ccbgssse058-ba_steel.esl
	[FE:38]	ccbgssse059-ba_dragonplate.esl
	[FE:39]	ccbgssse061-ba_dwarven.esl
	[FE:40]	ccpewsse002-armsofchaos.esl
	[FE:41]	ccbgssse041-netchleather.esl
	[FE:42]	ccedhsse002-splkntset.esl
	[FE:43]	ccbgssse064-ba_elven.esl
	[FE:44]	ccbgssse063-ba_ebony.esl
	[FE:45]	ccbgssse062-ba_dwarvenmail.esl
	[FE:46]	ccbgssse060-ba_dragonscale.esl
	[FE:47]	ccbgssse056-ba_silver.esl
	[FE:48]	ccbgssse055-ba_orcishscaled.esl
	[FE:49]	ccbgssse053-ba_leather.esl
	[FE:50]	ccbgssse051-ba_daedricmail.esl
	[FE:51]	ccbgssse057-ba_stalhrim.esl
	[FE:52]	ccbgssse066-staves.esl
	[11]	ccbgssse067-daedinv.esm
	[FE:53]	ccbgssse068-bloodfall.esl
	[FE:54]	ccbgssse069-contest.esl
	[FE:55]	ccvsvsse003-necroarts.esl
	[FE:56]	ccvsvsse004-beafarmer.esl
	[12]	ccBGSSSE025-AdvDSGS.esm
	[FE:57]	ccffbsse002-crossbowpack.esl
	[FE:58]	ccbgssse013-dawnfang.esl
	[FE:59]	ccrmssse001-necrohouse.esl
	[FE:60]	ccedhsse003-redguard.esl
	[FE:61]	cceejsse004-hall.esl
	[13]	cceejsse005-cave.esm
	[FE:62]	cckrtsse001_altar.esl
	[FE:63]	cccbhsse001-gaunt.esl
	[14]	ccafdsse001-dwesanctuary.esm
	[15]	Unofficial Skyrim Special Edition Patch.esp
	[16]	Lanterns Of Skyrim - All In One - Main.esm
	[17]	MajesticMountains_Landscape.esm
	[18]	Unique Flowers & Plants.esm
	[19]	RealisticWaterTwo - Resources.esm
	[20]	SkyUI_SE.esp
	[21]	SMIM-SE-Merged-All.esp
	[22]	Blowing in the Wind SSE.esp
	[23]	NAT.esp
	[24]	ELFX - Exteriors.esp
	[25]	Blowing in the Wind - ELFX Exteriors Patch SSE.esp
	[26]	Kridla_Mec_Swords.esp
	[27]	UIExtensions.esp
	[28]	AddItemMenuSE.esp
	[29]	EnhancedLightsandFX.esp
	[30]	Enhanced Landscapes.esp
	[31]	CollegeOfWinterholdImmersive.esp
	[32]	immersive roads.esp
	[33]	JKs Skyrim.esp
	[34]	morthal.esp
	[35]	JK's Skyrim - Morthal II Patch.esp
	[36]	Windhelm Exterior Altered.esp
	[FE:64]	Particle Patch for ENB.esp
	[37]	Settlements Expanded SE.esp
	[38]	Snowy AF Windhelm.esp
	[39]	Morning Fogs SSE.esp
	[40]	EmbersHD.esp
	[41]	LeafeatersWhiterunTreeOverhaul-JK.esp
	[42]	LIAT - NPCs.esp
	[43]	dD - Enhanced Blood Main.esp
	[44]	DustEffectsSSE.esp
	[45]	SkyrimIsWindy.esp
	[46]	Enhanced Vanilla Trees SSE.esp
	[47]	JKs Whiterun exterior.esp
	[48]	JK's SkyHaven Forge.esp
	[FE:65]	JKs Skyrim_Snowy AF Windhelm_Patch.esp
	[FE:66]	MajesticMountains.esp
	[49]	NorthernGrass.esp
	[50]	RUSTIC SOULGEMS - Sorted.esp
	[51]	WondersofWeather.esp
	[52]	RealisticWaterTwo.esp
	PLGN Saved
	- empty!
	INTV Saved
	- empty!
	FLOV Saved
	- empty!
	STRV Saved
	- empty!
	FORV Saved
	- empty!
	INTL Saved
	- empty!
	FLOL Saved
	- empty!
	STRL Saved
	- empty!
	FORL Saved
	- empty!
	PKGO Saved
JSON SaveFiles - Done
	External JSON Saved
Save Done!

