skse64 loader 02010020 01D97BBB4CA64D43 6.2 (9200)
config path = C:\Program Files (x86)\Steam\steamapps\common\Skyrim SE\Data\SKSE\skse.ini
procPath = C:\Program Files (x86)\Steam\steamapps\common\Skyrim SE\\SkyrimSE.exe
launching: SkyrimSE.exe (C:\Program Files (x86)\Steam\steamapps\common\Skyrim SE\\SkyrimSE.exe)
dwSignature = FEEF04BD
dwStrucVersion = 00010000
dwFileVersionMS = 00010006
dwFileVersionLS = 013E0000
dwProductVersionMS = 00010006
dwProductVersionLS = 013E0000
dwFileFlagsMask = 00000017
dwFileFlags = 00000000
dwFileOS = 00000004
dwFileType = 00000001
dwFileSubtype = 00000000
dwFileDateMS = 00000000
dwFileDateLS = 00000000
productVersionStr = 1.6.318.0
version = 00010006013E0000
product name = TESV: Skyrim
steam exe
dll = C:\Program Files (x86)\Steam\steamapps\common\Skyrim SE\\skse64_1_6_318.dll
main thread id = 19692
hookBase = 0000021FF5110000
loadLibraryAAddr = 00007FFDAC1695A0
getProcAddressAddr = 00007FFDAC163EF0
hook thread complete
launching
