SKSE64 runtime: initialize (version = 2.1.2 010613E0 01D88108FFCA9024, os = 6.2 (9200))
imagebase = 00007FF607880000
reloc mgr imagebase = 00007FF607880000
config path = E:\The Elder Scrolls V Skyrim Kridla\Data\SKSE\skse.ini
plugin directory = E:\The Elder Scrolls V Skyrim Kridla\Data\SKSE\Plugins\
scanning plugin directory E:\The Elder Scrolls V Skyrim Kridla\Data\SKSE\Plugins\
checking plugin ConsoleUtilSSE.dll
loading plugin "ConsoleUtilSSE"
registering plugin listener for SKSE at 1 of 3
plugin ConsoleUtilSSE.dll (00000001 ConsoleUtilSSE 01030020) loaded correctly (handle 1)
dispatch message (0) to plugin listeners
sending message type 0 to plugin 1
dispatched message.
dispatch message (1) to plugin listeners
sending message type 1 to plugin 1
dispatched message.
init complete
hooked dinput
dispatch message (6) to plugin listeners
sending message type 6 to plugin 1
dispatched message.
Reading translations from Interface\Translations\SkyUI_SE_ENGLISH.txt...
dispatch message (8) to plugin listeners
sending message type 8 to plugin 1
dispatched message.
