E:\Repos\TrueDirectionalMovement\src\main.cpp(113): [info] TrueDirectionalMovement v2-2-3-0
E:\Repos\TrueDirectionalMovement\src\Papyrus.cpp(24): [info] Registered papyrus functions
E:\Repos\CommonLibSSE-NG\src\SKSE\Interfaces.cpp(287): [error] Failed to register messaging listener for SmoothCam
E:\Repos\TrueDirectionalMovement\src\DirectionalMovementHandler.cpp(2819): [warning] SmoothCamAPI::RegisterInterfaceLoaderCallback reported an error
E:\Repos\CommonLibSSE-NG\src\SKSE\Interfaces.cpp(268): [error] Failed to dispatch message to SmoothCam
E:\Repos\TrueDirectionalMovement\src\DirectionalMovementHandler.cpp(2833): [warning] SmoothCamAPI::RequestInterface reported an error
E:\Repos\TrueDirectionalMovement\src\DirectionalMovementHandler.cpp(2842): [warning] Failed to obtain TrueHUD API
E:\Repos\CommonLibSSE-NG\src\SKSE\Interfaces.cpp(287): [error] Failed to register messaging listener for SmoothCam
E:\Repos\TrueDirectionalMovement\src\DirectionalMovementHandler.cpp(2819): [warning] SmoothCamAPI::RegisterInterfaceLoaderCallback reported an error
E:\Repos\CommonLibSSE-NG\src\SKSE\Interfaces.cpp(268): [error] Failed to dispatch message to SmoothCam
E:\Repos\TrueDirectionalMovement\src\DirectionalMovementHandler.cpp(2833): [warning] SmoothCamAPI::RequestInterface reported an error
E:\Repos\TrueDirectionalMovement\src\DirectionalMovementHandler.cpp(2842): [warning] Failed to obtain TrueHUD API
E:\Repos\TrueDirectionalMovement\src\Papyrus.cpp(16): [info] Registered TrueDirectionalMovement_MCM class
E:\Repos\CommonLibSSE-NG\src\SKSE\Interfaces.cpp(287): [error] Failed to register messaging listener for SmoothCam
E:\Repos\TrueDirectionalMovement\src\DirectionalMovementHandler.cpp(2819): [warning] SmoothCamAPI::RegisterInterfaceLoaderCallback reported an error
E:\Repos\CommonLibSSE-NG\src\SKSE\Interfaces.cpp(268): [error] Failed to dispatch message to SmoothCam
E:\Repos\TrueDirectionalMovement\src\DirectionalMovementHandler.cpp(2833): [warning] SmoothCamAPI::RequestInterface reported an error
E:\Repos\TrueDirectionalMovement\src\DirectionalMovementHandler.cpp(2842): [warning] Failed to obtain TrueHUD API
E:\Repos\TrueDirectionalMovement\src\Events.cpp(18): [info] Registered class RE::InputEvent
E:\Repos\TrueDirectionalMovement\src\Events.cpp(194): [info] Registered struct SKSE::CrosshairRefEvent
E:\Repos\TrueDirectionalMovement\src\Events.cpp(219): [info] Registered struct RE::TESDeathEvent
E:\Repos\TrueDirectionalMovement\src\Events.cpp(221): [info] Registered struct RE::TESEnterBleedoutEvent
E:\Repos\TrueDirectionalMovement\src\Events.cpp(267): [info] Registered all event handlers
E:\Repos\TrueDirectionalMovement\src\Settings.cpp(8): [info] Initializing...
E:\Repos\TrueDirectionalMovement\src\Settings.cpp(22): [info] ...success
E:\Repos\TrueDirectionalMovement\src\Settings.cpp(75): [info] Reading .toml files...
E:\Repos\TrueDirectionalMovement\src\Settings.cpp(37): [info]   Reading Data/SKSE/Plugins/TrueDirectionalMovement/TrueDirectionalMovement_base.toml...
E:\Repos\TrueDirectionalMovement\src\Settings.cpp(90): [info] ...success
E:\Repos\TrueDirectionalMovement\src\Settings.cpp(192): [info] Reading MCM .ini...
E:\Repos\TrueDirectionalMovement\src\Settings.cpp(197): [info] ...success
E:\Repos\CommonLibSSE-NG\src\SKSE\Interfaces.cpp(287): [error] Failed to register messaging listener for SmoothCam
E:\Repos\TrueDirectionalMovement\src\DirectionalMovementHandler.cpp(2819): [warning] SmoothCamAPI::RegisterInterfaceLoaderCallback reported an error
E:\Repos\CommonLibSSE-NG\src\SKSE\Interfaces.cpp(268): [error] Failed to dispatch message to SmoothCam
E:\Repos\TrueDirectionalMovement\src\DirectionalMovementHandler.cpp(2833): [warning] SmoothCamAPI::RequestInterface reported an error
E:\Repos\TrueDirectionalMovement\src\DirectionalMovementHandler.cpp(2842): [warning] Failed to obtain TrueHUD API
E:\Repos\TrueDirectionalMovement\src\DirectionalMovementHandler.cpp(25): [info] Registered struct RE::BSAnimationGraphEvent
